#
# A fatal error has been detected by the Java Runtime Environment:
#
#  SIGSEGV (0xb) at pc=0x00007f5728e406fa, pid=3659, tid=140012159694592
#
# JRE version: Java(TM) SE Runtime Environment (7.0_67-b01) (build 1.7.0_67-b01)
# Java VM: Java HotSpot(TM) 64-Bit Server VM (24.65-b04 mixed mode linux-amd64 compressed oops)
# Problematic frame:
# v  ~BufferBlob::jni_fast_GetLongField
#
# Failed to write core dump. Core dumps have been disabled. To enable core dumping, try "ulimit -c unlimited" before starting Java again
#
# If you would like to submit a bug report, please visit:
#   http://bugreport.sun.com/bugreport/crash.jsp
# The crash happened outside the Java Virtual Machine in native code.
# See problematic frame for where to report the bug.
#

---------------  T H R E A D  ---------------

Current thread (0x00007f572c19b000):  JavaThread "AWT-XAWT" daemon [_thread_in_native, id=3681, stack(0x00007f571efaf000,0x00007f571f0b0000)]

siginfo:si_signo=SIGSEGV: si_errno=0, si_code=1 (SEGV_MAPERR), si_addr=0x0000000000000000

Registers:
RAX=0x00007f5731f9e900, RBX=0x000000077efcf3d0, RCX=0x00007f57329f6320, RDX=0x0000000000000042
RSP=0x00007f571f0ae728, RBP=0x00007f571f0ae750, RSI=0x0000000000000000, RDI=0x00007f572c19b1e8
R8 =0x0000000000000320, R9 =0x0000000000000000, R10=0x000000000000004a, R11=0x00007f5731a3a870
R12=0x00007f572c19b1e8, R13=0x0000000000000000, R14=0x00007f57249e2fe0, R15=0x00007f572c19b000
RIP=0x00007f5728e406fa, EFLAGS=0x0000000000010246, CSGSFS=0x0000000000000033, ERR=0x0000000000000004
  TRAPNO=0x000000000000000e

Top of Stack: (sp=0x00007f571f0ae728)
0x00007f571f0ae728:   00007f57247ad801 000000077efcf3d0
0x00007f571f0ae738:   00007f56b80120e0 000000077efcf3d0
0x00007f571f0ae748:   00007f571f0ae840 0000000000000000
0x00007f571f0ae758:   00007f5724292ae8 000000077efcf3d0
0x00007f571f0ae768:   00007f571f0ae790 0000000000000000
0x00007f571f0ae778:   00007f572428a9a3 000000077efcf3d0
0x00007f571f0ae788:   00007f57247a368f 00007f571f0ae808
0x00007f571f0ae798:   00007f5728df7d98 0000000000000000
0x00007f571f0ae7a8:   00000007d89c0118 00000007d8a438e8
0x00007f571f0ae7b8:   00007f571f0ae7b8 000000077f47120e
0x00007f571f0ae7c8:   00007f571f0ae7c8 0000000000000000
0x00007f571f0ae7d8:   00007f571f0ae840 000000077efd54a0
0x00007f571f0ae7e8:   0000000000000000 000000077efcf3d0
0x00007f571f0ae7f8:   0000000000000000 00007f571f0ae850
0x00007f571f0ae808:   0000000000000000 00007f5728edd500
0x00007f571f0ae818:   00000007d8b84340 00007f5728df3cc0
0x00007f571f0ae828:   0000000000000000 0000000000000000
0x00007f571f0ae838:   00007f56c0000e30 0000000000000000
0x00007f571f0ae848:   00007f5728edd500 00000007d89c0088
0x00007f571f0ae858:   00007f5700000000 0000000000000000
0x00007f571f0ae868:   00000007d89c00b8 fb138011fb138011
0x00007f571f0ae878:   00007f56fb1300a3 fb138011fb138011
0x00007f571f0ae888:   00000007d89c0118 00007f56c0000e30
0x00007f571f0ae898:   00007f57fb1300a3 00007f56c0000e30
0x00007f571f0ae8a8:   0000000000000000 0000000000000009
0x00007f571f0ae8b8:   0000000000000000 00007f571f0ae920
0x00007f571f0ae8c8:   00007f5728deb058 deaddeaf00000000
0x00007f571f0ae8d8:   00000007d89c00b8 00007f571f0ae8e0
0x00007f571f0ae8e8:   000000077f0e54fd 00007f571f0ae930
0x00007f571f0ae8f8:   000000077f0f1190 0000000000000000
0x00007f571f0ae908:   000000077f0e5508 00007f571f0ae8d0
0x00007f571f0ae918:   00007f571f0ae930 00007f571f0ae978 

Instructions: (pc=0x00007f5728e406fa)
0x00007f5728e406da:   00 00 00 00 00 00 44 8b 15 81 1c 19 09 4c 8b ce
0x00007f5728e406ea:   41 f6 c2 01 0f 85 2e 00 00 00 4d 33 ca 4d 33 ca
0x00007f5728e406fa:   4d 8b 09 4c 8b da 49 c1 eb 02 4b 8b 04 19 49 bb
0x00007f5728e4070a:   68 23 fd 31 57 7f 00 00 4c 33 d8 4c 33 d8 45 3b 

Register to memory mapping:

RAX=0x00007f5731f9e900: <offset 0xe16900> in /usr/local/java/jdk1.7.0_67/jre/lib/amd64/server/libjvm.so at 0x00007f5731188000
RBX=0x000000077efcf3d0 is an oop
{method} 
 - klass: {other class}
RCX=0x00007f57329f6320: <offset 0x219320> in /lib/x86_64-linux-gnu/libpthread.so.0 at 0x00007f57327dd000
RDX=0x0000000000000042 is an unknown value
RSP=0x00007f571f0ae728 is pointing into the stack for thread: 0x00007f572c19b000
RBP=0x00007f571f0ae750 is pointing into the stack for thread: 0x00007f572c19b000
RSI=0x0000000000000000 is an unknown value
RDI=0x00007f572c19b1e8 is an unknown value
R8 =0x0000000000000320 is an unknown value
R9 =0x0000000000000000 is an unknown value
R10=0x000000000000004a is an unknown value
R11=0x00007f5731a3a870: <offset 0x8b2870> in /usr/local/java/jdk1.7.0_67/jre/lib/amd64/server/libjvm.so at 0x00007f5731188000
R12=0x00007f572c19b1e8 is an unknown value
R13=0x0000000000000000 is an unknown value
R14=0x00007f57249e2fe0: <offset 0x253fe0> in /usr/local/java/jdk1.7.0_67/jre/lib/amd64/xawt/libmawt.so at 0x00007f572478f000
R15=0x00007f572c19b000 is a thread


Stack: [0x00007f571efaf000,0x00007f571f0b0000],  sp=0x00007f571f0ae728,  free space=1021k
Native frames: (J=compiled Java code, j=interpreted, Vv=VM code, C=native code)
v  ~BufferBlob::jni_fast_GetLongField

Java frames: (J=compiled Java code, j=interpreted, Vv=VM code)
j  sun.awt.X11.XlibWrapper.XFilterEvent(JJ)Z+0
J 199% C2 sun.awt.X11.XToolkit.run(Z)V (410 bytes) @ 0x00007f5728edd500 [0x00007f5728edc580+0xf80]
j  sun.awt.X11.XToolkit.run()V+5
j  java.lang.Thread.run()V+11
v  ~StubRoutines::call_stub

---------------  P R O C E S S  ---------------

Java Threads: ( => current thread )
  0x00007f56b8975000 JavaThread "TimerQueue" daemon [_thread_blocked, id=3685, stack(0x00007f571d686000,0x00007f571d787000)]
  0x00007f572c00a000 JavaThread "DestroyJavaVM" [_thread_blocked, id=3663, stack(0x00007f5732aff000,0x00007f5732c00000)]
  0x00007f572c1fa000 JavaThread "AWT-EventQueue-0" [_thread_blocked, id=3683, stack(0x00007f571edad000,0x00007f571eeae000)]
  0x00007f572c1f8800 JavaThread "AWT-Shutdown" [_thread_blocked, id=3682, stack(0x00007f571eeae000,0x00007f571efaf000)]
=>0x00007f572c19b000 JavaThread "AWT-XAWT" daemon [_thread_in_native, id=3681, stack(0x00007f571efaf000,0x00007f571f0b0000)]
  0x00007f572c177800 JavaThread "Java2D Disposer" daemon [_thread_blocked, id=3680, stack(0x00007f571f4c0000,0x00007f571f5c1000)]
  0x00007f572c0a8000 JavaThread "Service Thread" daemon [_thread_blocked, id=3678, stack(0x00007f5724dcf000,0x00007f5724ed0000)]
  0x00007f572c0a6000 JavaThread "C2 CompilerThread1" daemon [_thread_blocked, id=3677, stack(0x00007f5724ed0000,0x00007f5724fd1000)]
  0x00007f572c0a3000 JavaThread "C2 CompilerThread0" daemon [_thread_blocked, id=3676, stack(0x00007f5724fd1000,0x00007f57250d2000)]
  0x00007f572c0a1000 JavaThread "Signal Dispatcher" daemon [_thread_blocked, id=3675, stack(0x00007f57250d2000,0x00007f57251d3000)]
  0x00007f572c078800 JavaThread "Finalizer" daemon [_thread_blocked, id=3674, stack(0x00007f57258b7000,0x00007f57259b8000)]
  0x00007f572c076800 JavaThread "Reference Handler" daemon [_thread_blocked, id=3673, stack(0x00007f57259b8000,0x00007f5725ab9000)]

Other Threads:
  0x00007f572c072800 VMThread [stack: 0x00007f5725ab9000,0x00007f5725bba000] [id=3672]
  0x00007f572c0b3000 WatcherThread [stack: 0x00007f5724cce000,0x00007f5724dcf000] [id=3679]

VM state:not at safepoint (normal execution)

VM Mutex/Monitor currently owned by a thread: None

Heap
 PSYoungGen      total 37376K, used 10371K [0x00000007d6a00000, 0x00000007d9380000, 0x0000000800000000)
  eden space 32256K, 16% used [0x00000007d6a00000,0x00000007d6f23138,0x00000007d8980000)
  from space 5120K, 99% used [0x00000007d8980000,0x00000007d8e7dad8,0x00000007d8e80000)
  to   space 5120K, 0% used [0x00000007d8e80000,0x00000007d8e80000,0x00000007d9380000)
 ParOldGen       total 84480K, used 1417K [0x0000000783e00000, 0x0000000789080000, 0x00000007d6a00000)
  object space 84480K, 1% used [0x0000000783e00000,0x0000000783f62700,0x0000000789080000)
 PSPermGen       total 22528K, used 22141K [0x000000077ec00000, 0x0000000780200000, 0x0000000783e00000)
  object space 22528K, 98% used [0x000000077ec00000,0x000000078019f780,0x0000000780200000)

Card table byte_map: [0x00007f57289da000,0x00007f5728de5000] byte_map_base: 0x00007f5724de4000

Polling page: 0x00007f5732c1a000

Code Cache  [0x00007f5728de5000, 0x00007f5729055000, 0x00007f572bde5000)
 total_blobs=723 nmethods=191 adapters=485 free_code_cache=48169Kb largest_free_block=49259136

Compilation events (10 events):
Event: 3641,068 Thread 0x00007f572c0a6000  195   !         sun.awt.X11.XToolkit::getNextTaskTime (55 bytes)
Event: 3641,079 Thread 0x00007f572c0a6000 nmethod 195 0x00007f5728eb6410 code [0x00007f5728eb65a0, 0x00007f5728eb68f0]
Event: 3903,415 Thread 0x00007f572c0a3000  197             java.lang.Long::valueOf (36 bytes)
Event: 3903,416 Thread 0x00007f572c0a3000 nmethod 197 0x00007f5728eb6110 code [0x00007f5728eb6260, 0x00007f5728eb6358]
Event: 4894,691 Thread 0x00007f572c0a6000  198 % !         sun.awt.X11.XToolkit::run @ 59 (410 bytes)
Event: 4894,819 Thread 0x00007f572c0a6000 nmethod 198% 0x00007f5728ecc5d0 code [0x00007f5728ecd140, 0x00007f5728ed2690]
Event: 6854,449 Thread 0x00007f572c0a3000  199 % !         sun.awt.X11.XToolkit::run @ 59 (410 bytes)
Event: 6854,636 Thread 0x00007f572c0a3000 nmethod 199% 0x00007f5728edba10 code [0x00007f5728edc580, 0x00007f5728ee1ab0]
Event: 16827,560 Thread 0x00007f572c0a6000  200             sun.awt.X11.XAnyEvent::get_window (20 bytes)
Event: 16827,563 Thread 0x00007f572c0a6000 nmethod 200 0x00007f5728e84e90 code [0x00007f5728e85040, 0x00007f5728e85348]

GC Heap History (2 events):
Event: 16,526 GC heap before
{Heap before GC invocations=1 (full 0):
 PSYoungGen      total 37376K, used 32256K [0x00000007d6a00000, 0x00000007d9380000, 0x0000000800000000)
  eden space 32256K, 100% used [0x00000007d6a00000,0x00000007d8980000,0x00000007d8980000)
  from space 5120K, 0% used [0x00000007d8e80000,0x00000007d8e80000,0x00000007d9380000)
  to   space 5120K, 0% used [0x00000007d8980000,0x00000007d8980000,0x00000007d8e80000)
 ParOldGen       total 84480K, used 0K [0x0000000783e00000, 0x0000000789080000, 0x00000007d6a00000)
  object space 84480K, 0% used [0x0000000783e00000,0x0000000783e00000,0x0000000789080000)
 PSPermGen       total 22016K, used 21900K [0x000000077ec00000, 0x0000000780180000, 0x0000000783e00000)
  object space 22016K, 99% used [0x000000077ec00000,0x00000007801630a0,0x0000000780180000)
Event: 16,540 GC heap after
Heap after GC invocations=1 (full 0):
 PSYoungGen      total 37376K, used 5110K [0x00000007d6a00000, 0x00000007d9380000, 0x0000000800000000)
  eden space 32256K, 0% used [0x00000007d6a00000,0x00000007d6a00000,0x00000007d8980000)
  from space 5120K, 99% used [0x00000007d8980000,0x00000007d8e7dad8,0x00000007d8e80000)
  to   space 5120K, 0% used [0x00000007d8e80000,0x00000007d8e80000,0x00000007d9380000)
 ParOldGen       total 84480K, used 1417K [0x0000000783e00000, 0x0000000789080000, 0x00000007d6a00000)
  object space 84480K, 1% used [0x0000000783e00000,0x0000000783f62700,0x0000000789080000)
 PSPermGen       total 22016K, used 21900K [0x000000077ec00000, 0x0000000780180000, 0x0000000783e00000)
  object space 22016K, 99% used [0x000000077ec00000,0x00000007801630a0,0x0000000780180000)
}

Deoptimization events (10 events):
Event: 2,271 Thread 0x00007f572c1fa000 Uncommon trap: reason=bimorphic action=maybe_recompile pc=0x00007f5728e767c4 method=java.util.Properties$LineReader.readLine()I @ 62
Event: 2,271 Thread 0x00007f572c1fa000 Uncommon trap: reason=bimorphic action=maybe_recompile pc=0x00007f5728e767c4 method=java.util.Properties$LineReader.readLine()I @ 62
Event: 4,574 Thread 0x00007f572c1fa000 Uncommon trap: reason=class_check action=maybe_recompile pc=0x00007f5728e5c598 method=java.lang.String.equals(Ljava/lang/Object;)Z @ 8
Event: 7,958 Thread 0x00007f572c1fa000 Uncommon trap: reason=class_check action=maybe_recompile pc=0x00007f5728e5c598 method=java.lang.String.equals(Ljava/lang/Object;)Z @ 8
Event: 7,969 Thread 0x00007f572c1fa000 Uncommon trap: reason=class_check action=maybe_recompile pc=0x00007f5728e5c598 method=java.lang.String.equals(Ljava/lang/Object;)Z @ 8
Event: 7,969 Thread 0x00007f572c1fa000 Uncommon trap: reason=class_check action=maybe_recompile pc=0x00007f5728e5c598 method=java.lang.String.equals(Ljava/lang/Object;)Z @ 8
Event: 7,970 Thread 0x00007f572c1fa000 Uncommon trap: reason=null_check action=make_not_entrant pc=0x00007f5728ea6050 method=java.awt.Component.isLightweight()Z @ 4
Event: 30,256 Thread 0x00007f572c1fa000 Uncommon trap: reason=unreached action=reinterpret pc=0x00007f5728e8949c method=java.beans.ChangeListenerMap.get(Ljava/lang/String;)[Ljava/util/EventListener; @ 4
Event: 30,256 Thread 0x00007f572c1fa000 Uncommon trap: reason=unreached action=reinterpret pc=0x00007f5728ea7f5c method=java.awt.EventQueue.removeSourceEvents(Ljava/lang/Object;Z)V @ 51
Event: 6346,599 Thread 0x00007f572c19b000 Uncommon trap: reason=null_check action=make_not_entrant pc=0x00007f5728ed18b0 method=sun.awt.X11.XToolkit.dispatchEvent(Lsun/awt/X11/XEvent;)V @ 99

Internal exceptions (10 events):
Event: 3,515 Thread 0x00007f572c1fa000 Threw 0x00000007d842f468 at /HUDSON/workspace/7u-2-build-linux-amd64/jdk7u67/1368/hotspot/src/share/vm/prims/jni.cpp:743
Event: 4,730 Thread 0x00007f572c1fa000 Threw 0x00000007d849f9e0 at /HUDSON/workspace/7u-2-build-linux-amd64/jdk7u67/1368/hotspot/src/share/vm/prims/jvm.cpp:1244
Event: 4,731 Thread 0x00007f572c1fa000 Threw 0x00000007d84a1d08 at /HUDSON/workspace/7u-2-build-linux-amd64/jdk7u67/1368/hotspot/src/share/vm/prims/jvm.cpp:1244
Event: 4,732 Thread 0x00007f572c1fa000 Threw 0x00000007d84a43b0 at /HUDSON/workspace/7u-2-build-linux-amd64/jdk7u67/1368/hotspot/src/share/vm/prims/jvm.cpp:1244
Event: 4,732 Thread 0x00007f572c1fa000 Threw 0x00000007d84a6690 at /HUDSON/workspace/7u-2-build-linux-amd64/jdk7u67/1368/hotspot/src/share/vm/prims/jvm.cpp:1244
Event: 6,232 Thread 0x00007f572c1fa000 Threw 0x00000007d86e6c30 at /HUDSON/workspace/7u-2-build-linux-amd64/jdk7u67/1368/hotspot/src/share/vm/prims/jni.cpp:743
Event: 7,970 Thread 0x00007f572c1fa000 Implicit null exception at 0x00007f5728ea5ff0 to 0x00007f5728ea6046
Event: 16,542 Thread 0x00007f572c078800 Threw 0x00000007d6c1faf0 at /HUDSON/workspace/7u-2-build-linux-amd64/jdk7u67/1368/hotspot/src/share/vm/interpreter/linkResolver.cpp:883
Event: 30,256 Thread 0x00007f572c1fa000 Implicit null exception at 0x00007f5728e88e99 to 0x00007f5728e89491
Event: 6346,599 Thread 0x00007f572c19b000 Implicit null exception at 0x00007f5728ece96b to 0x00007f5728ed1895

Events (10 events):
Event: 2094,486 loading class 0x00007f56cc04ea60
Event: 2094,487 loading class 0x00007f56cc04ea60 done
Event: 2094,488 loading class 0x00007f56cc04ea30
Event: 2094,488 loading class 0x00007f56cc04ea30 done
Event: 6346,599 Thread 0x00007f572c19b000 Uncommon trap: trap_request=0xfffffff4 fr.pc=0x00007f5728ed18b0
Event: 6346,599 Thread 0x00007f572c19b000 DEOPT PACKING pc=0x00007f5728ed18b0 sp=0x00007f571f0ae850
Event: 6346,599 Thread 0x00007f572c19b000 DEOPT UNPACKING pc=0x00007f5728e1e445 sp=0x00007f571f0ae7a0 mode 2
Event: 6854,636 Thread 0x00007f572c0a3000 flushing nmethod 0x00007f5728e5c210
Event: 16847,086 loading class 0x00007f56cc018160
Event: 16847,095 loading class 0x00007f56cc018160 done


Dynamic libraries:
00400000-00401000 r-xp 00000000 08:05 4998369                            /usr/local/java/jdk1.7.0_67/bin/java
00600000-00601000 rw-p 00000000 08:05 4998369                            /usr/local/java/jdk1.7.0_67/bin/java
01435000-01456000 rw-p 00000000 00:00 0                                  [heap]
77ec00000-780200000 rw-p 00000000 00:00 0 
780200000-783e00000 rw-p 00000000 00:00 0 
783e00000-789080000 rw-p 00000000 00:00 0 
789080000-7d6a00000 rw-p 00000000 00:00 0 
7d6a00000-7d9380000 rw-p 00000000 00:00 0 
7d9380000-800000000 rw-p 00000000 00:00 0 
7f56ac000000-7f56ac021000 rw-p 00000000 00:00 0 
7f56ac021000-7f56b0000000 ---p 00000000 00:00 0 
7f56b4000000-7f56b4021000 rw-p 00000000 00:00 0 
7f56b4021000-7f56b8000000 ---p 00000000 00:00 0 
7f56b8000000-7f56b8af9000 rw-p 00000000 00:00 0 
7f56b8af9000-7f56bc000000 ---p 00000000 00:00 0 
7f56bc000000-7f56bc021000 rw-p 00000000 00:00 0 
7f56bc021000-7f56c0000000 ---p 00000000 00:00 0 
7f56c0000000-7f56c0034000 rw-p 00000000 00:00 0 
7f56c0034000-7f56c4000000 ---p 00000000 00:00 0 
7f56c4000000-7f56c4021000 rw-p 00000000 00:00 0 
7f56c4021000-7f56c8000000 ---p 00000000 00:00 0 
7f56c8000000-7f56c8021000 rw-p 00000000 00:00 0 
7f56c8021000-7f56cc000000 ---p 00000000 00:00 0 
7f56cc000000-7f56ccda5000 rw-p 00000000 00:00 0 
7f56ccda5000-7f56d0000000 ---p 00000000 00:00 0 
7f56d0000000-7f56d0d80000 rw-p 00000000 00:00 0 
7f56d0d80000-7f56d4000000 ---p 00000000 00:00 0 
7f56d4000000-7f56d4021000 rw-p 00000000 00:00 0 
7f56d4021000-7f56d8000000 ---p 00000000 00:00 0 
7f56d8000000-7f56d8021000 rw-p 00000000 00:00 0 
7f56d8021000-7f56dc000000 ---p 00000000 00:00 0 
7f56dc000000-7f56dc021000 rw-p 00000000 00:00 0 
7f56dc021000-7f56e0000000 ---p 00000000 00:00 0 
7f56e3f60000-7f56e8000000 rw-p 00000000 00:00 0 
7f56e8000000-7f56e8021000 rw-p 00000000 00:00 0 
7f56e8021000-7f56ec000000 ---p 00000000 00:00 0 
7f56ec000000-7f56ec021000 rw-p 00000000 00:00 0 
7f56ec021000-7f56f0000000 ---p 00000000 00:00 0 
7f56f0000000-7f56f0021000 rw-p 00000000 00:00 0 
7f56f0021000-7f56f4000000 ---p 00000000 00:00 0 
7f56f8000000-7f56f8021000 rw-p 00000000 00:00 0 
7f56f8021000-7f56fc000000 ---p 00000000 00:00 0 
7f5700000000-7f5700021000 rw-p 00000000 00:00 0 
7f5700021000-7f5704000000 ---p 00000000 00:00 0 
7f5708000000-7f5708021000 rw-p 00000000 00:00 0 
7f5708021000-7f570c000000 ---p 00000000 00:00 0 
7f5710000000-7f5710021000 rw-p 00000000 00:00 0 
7f5710021000-7f5714000000 ---p 00000000 00:00 0 
7f5718000000-7f5718021000 rw-p 00000000 00:00 0 
7f5718021000-7f571c000000 ---p 00000000 00:00 0 
7f571d4ed000-7f571d51d000 rw-s 00000000 00:04 79200324                   /SYSV00000000 (deleted)
7f571d686000-7f571d689000 ---p 00000000 00:00 0 
7f571d689000-7f571d787000 rw-p 00000000 00:00 0                          [stack:3685]
7f571d787000-7f571d921000 rw-s 00000000 00:04 79069248                   /SYSV00000000 (deleted)
7f571d921000-7f571d938000 r-xp 00000000 08:05 264903                     /lib/x86_64-linux-gnu/libresolv-2.19.so
7f571d938000-7f571db38000 ---p 00017000 08:05 264903                     /lib/x86_64-linux-gnu/libresolv-2.19.so
7f571db38000-7f571db39000 r--p 00017000 08:05 264903                     /lib/x86_64-linux-gnu/libresolv-2.19.so
7f571db39000-7f571db3a000 rw-p 00018000 08:05 264903                     /lib/x86_64-linux-gnu/libresolv-2.19.so
7f571db3a000-7f571db3c000 rw-p 00000000 00:00 0 
7f571db3c000-7f571db41000 r-xp 00000000 08:05 264911                     /lib/x86_64-linux-gnu/libnss_dns-2.19.so
7f571db41000-7f571dd40000 ---p 00005000 08:05 264911                     /lib/x86_64-linux-gnu/libnss_dns-2.19.so
7f571dd40000-7f571dd41000 r--p 00004000 08:05 264911                     /lib/x86_64-linux-gnu/libnss_dns-2.19.so
7f571dd41000-7f571dd42000 rw-p 00005000 08:05 264911                     /lib/x86_64-linux-gnu/libnss_dns-2.19.so
7f571dd42000-7f571dd44000 r-xp 00000000 08:05 266246                     /lib/x86_64-linux-gnu/libnss_mdns4_minimal.so.2
7f571dd44000-7f571df43000 ---p 00002000 08:05 266246                     /lib/x86_64-linux-gnu/libnss_mdns4_minimal.so.2
7f571df43000-7f571df44000 r--p 00001000 08:05 266246                     /lib/x86_64-linux-gnu/libnss_mdns4_minimal.so.2
7f571df44000-7f571df45000 rw-p 00002000 08:05 266246                     /lib/x86_64-linux-gnu/libnss_mdns4_minimal.so.2
7f571df45000-7f571df4d000 r-xp 00000000 08:05 5380793                    /usr/local/java/jdk1.7.0_67/jre/lib/amd64/libmanagement.so
7f571df4d000-7f571e14c000 ---p 00008000 08:05 5380793                    /usr/local/java/jdk1.7.0_67/jre/lib/amd64/libmanagement.so
7f571e14c000-7f571e14d000 rw-p 00007000 08:05 5380793                    /usr/local/java/jdk1.7.0_67/jre/lib/amd64/libmanagement.so
7f571e14d000-7f571e246000 rw-s 00000000 00:04 78970941                   /SYSV00000000 (deleted)
7f571e246000-7f571e2af000 r-xp 00000000 08:05 5380741                    /usr/local/java/jdk1.7.0_67/jre/lib/amd64/libt2k.so
7f571e2af000-7f571e4ae000 ---p 00069000 08:05 5380741                    /usr/local/java/jdk1.7.0_67/jre/lib/amd64/libt2k.so
7f571e4ae000-7f571e4b5000 rw-p 00068000 08:05 5380741                    /usr/local/java/jdk1.7.0_67/jre/lib/amd64/libt2k.so
7f571e4b5000-7f571e4c5000 rw-p 00000000 00:00 0 
7f571e4c5000-7f571e4d5000 r-xp 00000000 08:05 5380764                    /usr/local/java/jdk1.7.0_67/jre/lib/amd64/libnio.so
7f571e4d5000-7f571e6d5000 ---p 00010000 08:05 5380764                    /usr/local/java/jdk1.7.0_67/jre/lib/amd64/libnio.so
7f571e6d5000-7f571e6d6000 rw-p 00010000 08:05 5380764                    /usr/local/java/jdk1.7.0_67/jre/lib/amd64/libnio.so
7f571e6d6000-7f571e707000 rw-p 00000000 00:00 0 
7f571e707000-7f571e71d000 r-xp 00000000 08:05 5380682                    /usr/local/java/jdk1.7.0_67/jre/lib/amd64/libnet.so
7f571e71d000-7f571e91d000 ---p 00016000 08:05 5380682                    /usr/local/java/jdk1.7.0_67/jre/lib/amd64/libnet.so
7f571e91d000-7f571e91e000 rw-p 00016000 08:05 5380682                    /usr/local/java/jdk1.7.0_67/jre/lib/amd64/libnet.so
7f571e91e000-7f571e934000 r-xp 00000000 08:05 266143                     /lib/x86_64-linux-gnu/libgcc_s.so.1
7f571e934000-7f571eb33000 ---p 00016000 08:05 266143                     /lib/x86_64-linux-gnu/libgcc_s.so.1
7f571eb33000-7f571eb34000 rw-p 00015000 08:05 266143                     /lib/x86_64-linux-gnu/libgcc_s.so.1
7f571eb34000-7f571eb99000 r-xp 00000000 08:05 5380687                    /usr/local/java/jdk1.7.0_67/jre/lib/amd64/libfontmanager.so
7f571eb99000-7f571ed98000 ---p 00065000 08:05 5380687                    /usr/local/java/jdk1.7.0_67/jre/lib/amd64/libfontmanager.so
7f571ed98000-7f571ed9c000 rw-p 00064000 08:05 5380687                    /usr/local/java/jdk1.7.0_67/jre/lib/amd64/libfontmanager.so
7f571ed9c000-7f571edad000 rw-p 00000000 00:00 0 
7f571edad000-7f571edb0000 ---p 00000000 00:00 0 
7f571edb0000-7f571eeae000 rw-p 00000000 00:00 0                          [stack:3683]
7f571eeae000-7f571eeb1000 ---p 00000000 00:00 0 
7f571eeb1000-7f571efaf000 rw-p 00000000 00:00 0                          [stack:3682]
7f571efaf000-7f571efb2000 ---p 00000000 00:00 0 
7f571efb2000-7f571f0b0000 rw-p 00000000 00:00 0                          [stack:3681]
7f571f0b0000-7f571f0b5000 r-xp 00000000 08:05 4989090                    /usr/lib/x86_64-linux-gnu/libXfixes.so.3.1.0
7f571f0b5000-7f571f2b4000 ---p 00005000 08:05 4989090                    /usr/lib/x86_64-linux-gnu/libXfixes.so.3.1.0
7f571f2b4000-7f571f2b5000 r--p 00004000 08:05 4989090                    /usr/lib/x86_64-linux-gnu/libXfixes.so.3.1.0
7f571f2b5000-7f571f2b6000 rw-p 00005000 08:05 4989090                    /usr/lib/x86_64-linux-gnu/libXfixes.so.3.1.0
7f571f2b6000-7f571f2bf000 r-xp 00000000 08:05 4989082                    /usr/lib/x86_64-linux-gnu/libXcursor.so.1.0.2
7f571f2bf000-7f571f4be000 ---p 00009000 08:05 4989082                    /usr/lib/x86_64-linux-gnu/libXcursor.so.1.0.2
7f571f4be000-7f571f4bf000 r--p 00008000 08:05 4989082                    /usr/lib/x86_64-linux-gnu/libXcursor.so.1.0.2
7f571f4bf000-7f571f4c0000 rw-p 00009000 08:05 4989082                    /usr/lib/x86_64-linux-gnu/libXcursor.so.1.0.2
7f571f4c0000-7f571f4c3000 ---p 00000000 00:00 0 
7f571f4c3000-7f571f5c1000 rw-p 00000000 00:00 0                          [stack:3680]
7f571f5c1000-7f571f5c6000 r-xp 00000000 08:05 4989086                    /usr/lib/x86_64-linux-gnu/libXdmcp.so.6.0.0
7f571f5c6000-7f571f7c5000 ---p 00005000 08:05 4989086                    /usr/lib/x86_64-linux-gnu/libXdmcp.so.6.0.0
7f571f7c5000-7f571f7c6000 r--p 00004000 08:05 4989086                    /usr/lib/x86_64-linux-gnu/libXdmcp.so.6.0.0
7f571f7c6000-7f571f7c7000 rw-p 00005000 08:05 4989086                    /usr/lib/x86_64-linux-gnu/libXdmcp.so.6.0.0
7f571f7c7000-7f571f7c9000 r-xp 00000000 08:05 4989075                    /usr/lib/x86_64-linux-gnu/libXau.so.6.0.0
7f571f7c9000-7f571f9c9000 ---p 00002000 08:05 4989075                    /usr/lib/x86_64-linux-gnu/libXau.so.6.0.0
7f571f9c9000-7f571f9ca000 r--p 00002000 08:05 4989075                    /usr/lib/x86_64-linux-gnu/libXau.so.6.0.0
7f571f9ca000-7f571f9cb000 rw-p 00003000 08:05 4989075                    /usr/lib/x86_64-linux-gnu/libXau.so.6.0.0
7f571f9cb000-7f571f9e8000 r-xp 00000000 08:05 4990143                    /usr/lib/x86_64-linux-gnu/libxcb.so.1.1.0
7f571f9e8000-7f571fbe8000 ---p 0001d000 08:05 4990143                    /usr/lib/x86_64-linux-gnu/libxcb.so.1.1.0
7f571fbe8000-7f571fbe9000 r--p 0001d000 08:05 4990143                    /usr/lib/x86_64-linux-gnu/libxcb.so.1.1.0
7f571fbe9000-7f571fbea000 rw-p 0001e000 08:05 4990143                    /usr/lib/x86_64-linux-gnu/libxcb.so.1.1.0
7f571fbea000-7f571fbf9000 r-xp 00000000 08:05 4989096                    /usr/lib/x86_64-linux-gnu/libXi.so.6.1.0
7f571fbf9000-7f571fdf8000 ---p 0000f000 08:05 4989096                    /usr/lib/x86_64-linux-gnu/libXi.so.6.1.0
7f571fdf8000-7f571fdf9000 r--p 0000e000 08:05 4989096                    /usr/lib/x86_64-linux-gnu/libXi.so.6.1.0
7f571fdf9000-7f571fdfa000 rw-p 0000f000 08:05 4989096                    /usr/lib/x86_64-linux-gnu/libXi.so.6.1.0
7f571fdfa000-7f571fdff000 r-xp 00000000 08:05 4989116                    /usr/lib/x86_64-linux-gnu/libXtst.so.6.1.0
7f571fdff000-7f571fffe000 ---p 00005000 08:05 4989116                    /usr/lib/x86_64-linux-gnu/libXtst.so.6.1.0
7f571fffe000-7f571ffff000 r--p 00004000 08:05 4989116                    /usr/lib/x86_64-linux-gnu/libXtst.so.6.1.0
7f571ffff000-7f5720000000 rw-p 00005000 08:05 4989116                    /usr/lib/x86_64-linux-gnu/libXtst.so.6.1.0
7f5720000000-7f5720021000 rw-p 00000000 00:00 0 
7f5720021000-7f5724000000 ---p 00000000 00:00 0 
7f5724027000-7f5724030000 r-xp 00000000 08:05 4989110                    /usr/lib/x86_64-linux-gnu/libXrender.so.1.3.0
7f5724030000-7f572422f000 ---p 00009000 08:05 4989110                    /usr/lib/x86_64-linux-gnu/libXrender.so.1.3.0
7f572422f000-7f5724230000 r--p 00008000 08:05 4989110                    /usr/lib/x86_64-linux-gnu/libXrender.so.1.3.0
7f5724230000-7f5724231000 rw-p 00009000 08:05 4989110                    /usr/lib/x86_64-linux-gnu/libXrender.so.1.3.0
7f5724231000-7f5724361000 r-xp 00000000 08:05 4989071                    /usr/lib/x86_64-linux-gnu/libX11.so.6.3.0
7f5724361000-7f5724561000 ---p 00130000 08:05 4989071                    /usr/lib/x86_64-linux-gnu/libX11.so.6.3.0
7f5724561000-7f5724562000 r--p 00130000 08:05 4989071                    /usr/lib/x86_64-linux-gnu/libX11.so.6.3.0
7f5724562000-7f5724566000 rw-p 00131000 08:05 4989071                    /usr/lib/x86_64-linux-gnu/libX11.so.6.3.0
7f5724566000-7f5724577000 r-xp 00000000 08:05 4989088                    /usr/lib/x86_64-linux-gnu/libXext.so.6.4.0
7f5724577000-7f5724776000 ---p 00011000 08:05 4989088                    /usr/lib/x86_64-linux-gnu/libXext.so.6.4.0
7f5724776000-7f5724777000 r--p 00010000 08:05 4989088                    /usr/lib/x86_64-linux-gnu/libXext.so.6.4.0
7f5724777000-7f5724778000 rw-p 00011000 08:05 4989088                    /usr/lib/x86_64-linux-gnu/libXext.so.6.4.0
7f5724785000-7f572478f000 r--s 00251000 08:05 5247646                    /usr/local/java/jdk1.7.0_67/jre/lib/resources.jar
7f572478f000-7f57247df000 r-xp 00000000 08:05 5380737                    /usr/local/java/jdk1.7.0_67/jre/lib/amd64/xawt/libmawt.so
7f57247df000-7f57249df000 ---p 00050000 08:05 5380737                    /usr/local/java/jdk1.7.0_67/jre/lib/amd64/xawt/libmawt.so
7f57249df000-7f57249e3000 rw-p 00050000 08:05 5380737                    /usr/local/java/jdk1.7.0_67/jre/lib/amd64/xawt/libmawt.so
7f57249e3000-7f57249e4000 rw-p 00000000 00:00 0 
7f57249e4000-7f5724a86000 r-xp 00000000 08:05 5380686                    /usr/local/java/jdk1.7.0_67/jre/lib/amd64/libawt.so
7f5724a86000-7f5724c86000 ---p 000a2000 08:05 5380686                    /usr/local/java/jdk1.7.0_67/jre/lib/amd64/libawt.so
7f5724c86000-7f5724c92000 rw-p 000a2000 08:05 5380686                    /usr/local/java/jdk1.7.0_67/jre/lib/amd64/libawt.so
7f5724c92000-7f5724cb6000 rw-p 00000000 00:00 0 
7f5724cb6000-7f5724cce000 r--s 00432000 08:05 2891049                    /home/ch/Desktop/lab_BD/LabBD/Trabalho05/Conferencias/lib/ojdbc6_g.jar
7f5724cce000-7f5724ccf000 ---p 00000000 00:00 0 
7f5724ccf000-7f5724dcf000 rw-p 00000000 00:00 0                          [stack:3679]
7f5724dcf000-7f5724dd2000 ---p 00000000 00:00 0 
7f5724dd2000-7f5724ed0000 rw-p 00000000 00:00 0                          [stack:3678]
7f5724ed0000-7f5724ed3000 ---p 00000000 00:00 0 
7f5724ed3000-7f5724fd1000 rw-p 00000000 00:00 0                          [stack:3677]
7f5724fd1000-7f5724fd4000 ---p 00000000 00:00 0 
7f5724fd4000-7f57250d2000 rw-p 00000000 00:00 0                          [stack:3676]
7f57250d2000-7f57250d5000 ---p 00000000 00:00 0 
7f57250d5000-7f57251d3000 rw-p 00000000 00:00 0                          [stack:3675]
7f57251d3000-7f57258b7000 r--p 00000000 08:05 4987991                    /usr/lib/locale/locale-archive
7f57258b7000-7f57258ba000 ---p 00000000 00:00 0 
7f57258ba000-7f57259b8000 rw-p 00000000 00:00 0                          [stack:3674]
7f57259b8000-7f57259bb000 ---p 00000000 00:00 0 
7f57259bb000-7f5725ab9000 rw-p 00000000 00:00 0                          [stack:3673]
7f5725ab9000-7f5725aba000 ---p 00000000 00:00 0 
7f5725aba000-7f5727828000 rw-p 00000000 00:00 0                          [stack:3672]
7f5727828000-7f57279e7000 r--s 039e5000 08:05 5247673                    /usr/local/java/jdk1.7.0_67/jre/lib/rt.jar
7f57279e7000-7f5727f13000 rw-p 00000000 00:00 0 
7f5727f13000-7f5727f14000 ---p 00000000 00:00 0 
7f5727f14000-7f5728014000 rw-p 00000000 00:00 0                          [stack:3671]
7f5728014000-7f5728015000 ---p 00000000 00:00 0 
7f5728015000-7f5728115000 rw-p 00000000 00:00 0                          [stack:3670]
7f5728115000-7f5728116000 ---p 00000000 00:00 0 
7f5728116000-7f5728216000 rw-p 00000000 00:00 0                          [stack:3669]
7f5728216000-7f5728217000 ---p 00000000 00:00 0 
7f5728217000-7f5728317000 rw-p 00000000 00:00 0                          [stack:3668]
7f5728317000-7f5728318000 ---p 00000000 00:00 0 
7f5728318000-7f5728418000 rw-p 00000000 00:00 0                          [stack:3667]
7f5728418000-7f5728419000 ---p 00000000 00:00 0 
7f5728419000-7f5728519000 rw-p 00000000 00:00 0                          [stack:3666]
7f5728519000-7f572851a000 ---p 00000000 00:00 0 
7f572851a000-7f572861a000 rw-p 00000000 00:00 0                          [stack:3665]
7f572861a000-7f572861b000 ---p 00000000 00:00 0 
7f572861b000-7f5728726000 rw-p 00000000 00:00 0                          [stack:3664]
7f5728726000-7f5728744000 rw-p 00000000 00:00 0 
7f5728744000-7f572876e000 rw-p 00000000 00:00 0 
7f572876e000-7f57289da000 rw-p 00000000 00:00 0 
7f57289da000-7f57289e5000 rw-p 00000000 00:00 0 
7f57289e5000-7f5728a03000 rw-p 00000000 00:00 0 
7f5728a03000-7f5728a2d000 rw-p 00000000 00:00 0 
7f5728a2d000-7f5728c99000 rw-p 00000000 00:00 0 
7f5728c99000-7f5728cae000 rw-p 00000000 00:00 0 
7f5728cae000-7f5728de4000 rw-p 00000000 00:00 0 
7f5728de4000-7f5728de5000 rw-p 00000000 00:00 0 
7f5728de5000-7f5729055000 rwxp 00000000 00:00 0 
7f5729055000-7f572bde5000 rw-p 00000000 00:00 0 
7f572bde5000-7f572bdff000 r-xp 00000000 08:05 5380794                    /usr/local/java/jdk1.7.0_67/jre/lib/amd64/libzip.so
7f572bdff000-7f572bfff000 ---p 0001a000 08:05 5380794                    /usr/local/java/jdk1.7.0_67/jre/lib/amd64/libzip.so
7f572bfff000-7f572c000000 rw-p 0001a000 08:05 5380794                    /usr/local/java/jdk1.7.0_67/jre/lib/amd64/libzip.so
7f572c000000-7f572c25f000 rw-p 00000000 00:00 0 
7f572c25f000-7f5730000000 ---p 00000000 00:00 0 
7f5730001000-7f5730005000 r--s 0008a000 08:05 5247680                    /usr/local/java/jdk1.7.0_67/jre/lib/jsse.jar
7f5730005000-7f5730010000 r-xp 00000000 08:05 264920                     /lib/x86_64-linux-gnu/libnss_files-2.19.so
7f5730010000-7f573020f000 ---p 0000b000 08:05 264920                     /lib/x86_64-linux-gnu/libnss_files-2.19.so
7f573020f000-7f5730210000 r--p 0000a000 08:05 264920                     /lib/x86_64-linux-gnu/libnss_files-2.19.so
7f5730210000-7f5730211000 rw-p 0000b000 08:05 264920                     /lib/x86_64-linux-gnu/libnss_files-2.19.so
7f5730211000-7f573021c000 r-xp 00000000 08:05 264921                     /lib/x86_64-linux-gnu/libnss_nis-2.19.so
7f573021c000-7f573041b000 ---p 0000b000 08:05 264921                     /lib/x86_64-linux-gnu/libnss_nis-2.19.so
7f573041b000-7f573041c000 r--p 0000a000 08:05 264921                     /lib/x86_64-linux-gnu/libnss_nis-2.19.so
7f573041c000-7f573041d000 rw-p 0000b000 08:05 264921                     /lib/x86_64-linux-gnu/libnss_nis-2.19.so
7f573041d000-7f5730434000 r-xp 00000000 08:05 264904                     /lib/x86_64-linux-gnu/libnsl-2.19.so
7f5730434000-7f5730633000 ---p 00017000 08:05 264904                     /lib/x86_64-linux-gnu/libnsl-2.19.so
7f5730633000-7f5730634000 r--p 00016000 08:05 264904                     /lib/x86_64-linux-gnu/libnsl-2.19.so
7f5730634000-7f5730635000 rw-p 00017000 08:05 264904                     /lib/x86_64-linux-gnu/libnsl-2.19.so
7f5730635000-7f5730637000 rw-p 00000000 00:00 0 
7f5730637000-7f5730640000 r-xp 00000000 08:05 264900                     /lib/x86_64-linux-gnu/libnss_compat-2.19.so
7f5730640000-7f573083f000 ---p 00009000 08:05 264900                     /lib/x86_64-linux-gnu/libnss_compat-2.19.so
7f573083f000-7f5730840000 r--p 00008000 08:05 264900                     /lib/x86_64-linux-gnu/libnss_compat-2.19.so
7f5730840000-7f5730841000 rw-p 00009000 08:05 264900                     /lib/x86_64-linux-gnu/libnss_compat-2.19.so
7f5730841000-7f573086a000 r-xp 00000000 08:05 5380761                    /usr/local/java/jdk1.7.0_67/jre/lib/amd64/libjava.so
7f573086a000-7f5730a6a000 ---p 00029000 08:05 5380761                    /usr/local/java/jdk1.7.0_67/jre/lib/amd64/libjava.so
7f5730a6a000-7f5730a6c000 rw-p 00029000 08:05 5380761                    /usr/local/java/jdk1.7.0_67/jre/lib/amd64/libjava.so
7f5730a6c000-7f5730a79000 r-xp 00000000 08:05 5380681                    /usr/local/java/jdk1.7.0_67/jre/lib/amd64/libverify.so
7f5730a79000-7f5730c78000 ---p 0000d000 08:05 5380681                    /usr/local/java/jdk1.7.0_67/jre/lib/amd64/libverify.so
7f5730c78000-7f5730c7a000 rw-p 0000c000 08:05 5380681                    /usr/local/java/jdk1.7.0_67/jre/lib/amd64/libverify.so
7f5730c7a000-7f5730c81000 r-xp 00000000 08:05 264909                     /lib/x86_64-linux-gnu/librt-2.19.so
7f5730c81000-7f5730e80000 ---p 00007000 08:05 264909                     /lib/x86_64-linux-gnu/librt-2.19.so
7f5730e80000-7f5730e81000 r--p 00006000 08:05 264909                     /lib/x86_64-linux-gnu/librt-2.19.so
7f5730e81000-7f5730e82000 rw-p 00007000 08:05 264909                     /lib/x86_64-linux-gnu/librt-2.19.so
7f5730e82000-7f5730f87000 r-xp 00000000 08:05 264916                     /lib/x86_64-linux-gnu/libm-2.19.so
7f5730f87000-7f5731186000 ---p 00105000 08:05 264916                     /lib/x86_64-linux-gnu/libm-2.19.so
7f5731186000-7f5731187000 r--p 00104000 08:05 264916                     /lib/x86_64-linux-gnu/libm-2.19.so
7f5731187000-7f5731188000 rw-p 00105000 08:05 264916                     /lib/x86_64-linux-gnu/libm-2.19.so
7f5731188000-7f5731cf8000 r-xp 00000000 08:05 5380702                    /usr/local/java/jdk1.7.0_67/jre/lib/amd64/server/libjvm.so
7f5731cf8000-7f5731ef7000 ---p 00b70000 08:05 5380702                    /usr/local/java/jdk1.7.0_67/jre/lib/amd64/server/libjvm.so
7f5731ef7000-7f5731fbc000 rw-p 00b6f000 08:05 5380702                    /usr/local/java/jdk1.7.0_67/jre/lib/amd64/server/libjvm.so
7f5731fbc000-7f5731ffc000 rw-p 00000000 00:00 0 
7f5731ffc000-7f57321b7000 r-xp 00000000 08:05 264913                     /lib/x86_64-linux-gnu/libc-2.19.so
7f57321b7000-7f57323b7000 ---p 001bb000 08:05 264913                     /lib/x86_64-linux-gnu/libc-2.19.so
7f57323b7000-7f57323bb000 r--p 001bb000 08:05 264913                     /lib/x86_64-linux-gnu/libc-2.19.so
7f57323bb000-7f57323bd000 rw-p 001bf000 08:05 264913                     /lib/x86_64-linux-gnu/libc-2.19.so
7f57323bd000-7f57323c2000 rw-p 00000000 00:00 0 
7f57323c2000-7f57323c5000 r-xp 00000000 08:05 264925                     /lib/x86_64-linux-gnu/libdl-2.19.so
7f57323c5000-7f57325c4000 ---p 00003000 08:05 264925                     /lib/x86_64-linux-gnu/libdl-2.19.so
7f57325c4000-7f57325c5000 r--p 00002000 08:05 264925                     /lib/x86_64-linux-gnu/libdl-2.19.so
7f57325c5000-7f57325c6000 rw-p 00003000 08:05 264925                     /lib/x86_64-linux-gnu/libdl-2.19.so
7f57325c6000-7f57325dc000 r-xp 00000000 08:05 4997867                    /usr/local/java/jdk1.7.0_67/lib/amd64/jli/libjli.so
7f57325dc000-7f57327dc000 ---p 00016000 08:05 4997867                    /usr/local/java/jdk1.7.0_67/lib/amd64/jli/libjli.so
7f57327dc000-7f57327dd000 rw-p 00016000 08:05 4997867                    /usr/local/java/jdk1.7.0_67/lib/amd64/jli/libjli.so
7f57327dd000-7f57327f6000 r-xp 00000000 08:05 264926                     /lib/x86_64-linux-gnu/libpthread-2.19.so
7f57327f6000-7f57329f5000 ---p 00019000 08:05 264926                     /lib/x86_64-linux-gnu/libpthread-2.19.so
7f57329f5000-7f57329f6000 r--p 00018000 08:05 264926                     /lib/x86_64-linux-gnu/libpthread-2.19.so
7f57329f6000-7f57329f7000 rw-p 00019000 08:05 264926                     /lib/x86_64-linux-gnu/libpthread-2.19.so
7f57329f7000-7f57329fb000 rw-p 00000000 00:00 0 
7f57329fb000-7f5732a1e000 r-xp 00000000 08:05 264914                     /lib/x86_64-linux-gnu/ld-2.19.so
7f5732a1e000-7f5732a49000 rw-p 00000000 00:00 0 
7f5732a49000-7f5732aff000 rw-p 00000000 00:00 0 
7f5732aff000-7f5732b02000 ---p 00000000 00:00 0 
7f5732b02000-7f5732c04000 rw-p 00000000 00:00 0                          [stack:3663]
7f5732c06000-7f5732c0a000 r--s 000f7000 08:05 5247268                    /usr/local/java/jdk1.7.0_67/jre/lib/ext/localedata.jar
7f5732c0a000-7f5732c0d000 rw-s 00000000 00:04 79036479                   /SYSV00000000 (deleted)
7f5732c0d000-7f5732c10000 rw-s 00000000 00:04 79003710                   /SYSV00000000 (deleted)
7f5732c10000-7f5732c11000 r--s 0001c000 08:05 3023256                    /home/ch/Desktop/lab_BD/LabBD/Trabalho05/Conferencias/lib/swing-layout/swing-layout-1.0.4.jar
7f5732c11000-7f5732c19000 rw-s 00000000 08:05 3024181                    /tmp/hsperfdata_ch/3659
7f5732c19000-7f5732c1a000 rw-p 00000000 00:00 0 
7f5732c1a000-7f5732c1b000 r--p 00000000 00:00 0 
7f5732c1b000-7f5732c1d000 rw-p 00000000 00:00 0 
7f5732c1d000-7f5732c1e000 r--p 00022000 08:05 264914                     /lib/x86_64-linux-gnu/ld-2.19.so
7f5732c1e000-7f5732c1f000 rw-p 00023000 08:05 264914                     /lib/x86_64-linux-gnu/ld-2.19.so
7f5732c1f000-7f5732c20000 rw-p 00000000 00:00 0 
7fff16956000-7fff16977000 rw-p 00000000 00:00 0                          [stack]
7fff169fe000-7fff16a00000 r-xp 00000000 00:00 0                          [vdso]
ffffffffff600000-ffffffffff601000 r-xp 00000000 00:00 0                  [vsyscall]

VM Arguments:
jvm_args: -Dfile.encoding=UTF-8 
java_command: conferencias.Conferencias
Launcher Type: SUN_STANDARD

Environment Variables:
JAVA_HOME=/usr/local/java/jdk1.7.0_67
JRE_HOME=/usr/local/java/jre1.7.0_67
PATH=/usr/local/sbin:/usr/local/bin:/usr/sbin:/usr/bin:/sbin:/bin:/usr/games:/usr/local/games:/home/ch/bin:/usr/local/java/jdk1.7.0_67/bin:/home/ch/bin:/usr/local/java/jre1.7.0_67/bin
LD_LIBRARY_PATH=/usr/local/java/jdk1.7.0_67/jre/lib/amd64:/usr/local/java/jdk1.7.0_67/jre/lib/i386:
SHELL=/bin/bash
DISPLAY=:0

Signal Handlers:
SIGSEGV: [libjvm.so+0x99f4a0], sa_mask[0]=0x7ffbfeff, sa_flags=0x10000004
SIGBUS: [libjvm.so+0x99f4a0], sa_mask[0]=0x7ffbfeff, sa_flags=0x10000004
SIGFPE: [libjvm.so+0x81a860], sa_mask[0]=0x7ffbfeff, sa_flags=0x10000004
SIGPIPE: [libjvm.so+0x81a860], sa_mask[0]=0x7ffbfeff, sa_flags=0x10000004
SIGXFSZ: [libjvm.so+0x81a860], sa_mask[0]=0x7ffbfeff, sa_flags=0x10000004
SIGILL: [libjvm.so+0x81a860], sa_mask[0]=0x7ffbfeff, sa_flags=0x10000004
SIGUSR1: SIG_DFL, sa_mask[0]=0x00000000, sa_flags=0x00000000
SIGUSR2: [libjvm.so+0x81c060], sa_mask[0]=0x00000004, sa_flags=0x10000004
SIGHUP: [libjvm.so+0x81d160], sa_mask[0]=0x7ffbfeff, sa_flags=0x10000004
SIGINT: SIG_IGN, sa_mask[0]=0x00000000, sa_flags=0x00000000
SIGTERM: [libjvm.so+0x81d160], sa_mask[0]=0x7ffbfeff, sa_flags=0x10000004
SIGQUIT: [libjvm.so+0x81d160], sa_mask[0]=0x7ffbfeff, sa_flags=0x10000004


---------------  S Y S T E M  ---------------

OS:jessie/sid

uname:Linux 3.13.0-40-generic #69-Ubuntu SMP Thu Nov 13 17:53:56 UTC 2014 x86_64
libc:glibc 2.19 NPTL 2.19 
rlimit: STACK 8192k, CORE 0k, NPROC 63349, NOFILE 4096, AS infinity
load average:0,29 0,25 0,31

/proc/meminfo:
MemTotal:        8130368 kB
MemFree:         5069696 kB
Buffers:          119892 kB
Cached:           769728 kB
SwapCached:            0 kB
Active:          2219956 kB
Inactive:         626856 kB
Active(anon):    1965076 kB
Inactive(anon):    69152 kB
Active(file):     254880 kB
Inactive(file):   557704 kB
Unevictable:          64 kB
Mlocked:              64 kB
SwapTotal:       8340476 kB
SwapFree:        8340476 kB
Dirty:               324 kB
Writeback:             0 kB
AnonPages:       1956868 kB
Mapped:           192952 kB
Shmem:             77836 kB
Slab:              92060 kB
SReclaimable:      56316 kB
SUnreclaim:        35744 kB
KernelStack:        5680 kB
PageTables:        23356 kB
NFS_Unstable:          0 kB
Bounce:                0 kB
WritebackTmp:          0 kB
CommitLimit:    12405660 kB
Committed_AS:    4658980 kB
VmallocTotal:   34359738367 kB
VmallocUsed:      210692 kB
VmallocChunk:   34359397304 kB
HardwareCorrupted:     0 kB
AnonHugePages:   1716224 kB
HugePages_Total:       0
HugePages_Free:        0
HugePages_Rsvd:        0
HugePages_Surp:        0
Hugepagesize:       2048 kB
DirectMap4k:      123996 kB
DirectMap2M:     6121472 kB
DirectMap1G:     2097152 kB


CPU:total 8 (4 cores per cpu, 2 threads per core) family 6 model 60 stepping 3, cmov, cx8, fxsr, mmx, sse, sse2, sse3, ssse3, sse4.1, sse4.2, popcnt, avx, avx2, aes, erms, ht, tsc, tscinvbit

/proc/cpuinfo:
processor	: 0
vendor_id	: GenuineIntel
cpu family	: 6
model		: 60
model name	: Intel(R) Core(TM) i7-4810MQ CPU @ 2.80GHz
stepping	: 3
microcode	: 0x17
cpu MHz		: 2500.000
cache size	: 6144 KB
physical id	: 0
siblings	: 8
core id		: 0
cpu cores	: 4
apicid		: 0
initial apicid	: 0
fpu		: yes
fpu_exception	: yes
cpuid level	: 13
wp		: yes
flags		: fpu vme de pse tsc msr pae mce cx8 apic sep mtrr pge mca cmov pat pse36 clflush dts acpi mmx fxsr sse sse2 ss ht tm pbe syscall nx pdpe1gb rdtscp lm constant_tsc arch_perfmon pebs bts rep_good nopl xtopology nonstop_tsc aperfmperf eagerfpu pni pclmulqdq dtes64 monitor ds_cpl vmx smx est tm2 ssse3 fma cx16 xtpr pdcm pcid sse4_1 sse4_2 x2apic movbe popcnt tsc_deadline_timer aes xsave avx f16c rdrand lahf_lm abm ida arat epb xsaveopt pln pts dtherm tpr_shadow vnmi flexpriority ept vpid fsgsbase tsc_adjust bmi1 hle avx2 smep bmi2 erms invpcid rtm
bogomips	: 5586.96
clflush size	: 64
cache_alignment	: 64
address sizes	: 39 bits physical, 48 bits virtual
power management:

processor	: 1
vendor_id	: GenuineIntel
cpu family	: 6
model		: 60
model name	: Intel(R) Core(TM) i7-4810MQ CPU @ 2.80GHz
stepping	: 3
microcode	: 0x17
cpu MHz		: 2801.000
cache size	: 6144 KB
physical id	: 0
siblings	: 8
core id		: 1
cpu cores	: 4
apicid		: 2
initial apicid	: 2
fpu		: yes
fpu_exception	: yes
cpuid level	: 13
wp		: yes
flags		: fpu vme de pse tsc msr pae mce cx8 apic sep mtrr pge mca cmov pat pse36 clflush dts acpi mmx fxsr sse sse2 ss ht tm pbe syscall nx pdpe1gb rdtscp lm constant_tsc arch_perfmon pebs bts rep_good nopl xtopology nonstop_tsc aperfmperf eagerfpu pni pclmulqdq dtes64 monitor ds_cpl vmx smx est tm2 ssse3 fma cx16 xtpr pdcm pcid sse4_1 sse4_2 x2apic movbe popcnt tsc_deadline_timer aes xsave avx f16c rdrand lahf_lm abm ida arat epb xsaveopt pln pts dtherm tpr_shadow vnmi flexpriority ept vpid fsgsbase tsc_adjust bmi1 hle avx2 smep bmi2 erms invpcid rtm
bogomips	: 5586.96
clflush size	: 64
cache_alignment	: 64
address sizes	: 39 bits physical, 48 bits virtual
power management:

processor	: 2
vendor_id	: GenuineIntel
cpu family	: 6
model		: 60
model name	: Intel(R) Core(TM) i7-4810MQ CPU @ 2.80GHz
stepping	: 3
microcode	: 0x17
cpu MHz		: 2700.000
cache size	: 6144 KB
physical id	: 0
siblings	: 8
core id		: 2
cpu cores	: 4
apicid		: 4
initial apicid	: 4
fpu		: yes
fpu_exception	: yes
cpuid level	: 13
wp		: yes
flags		: fpu vme de pse tsc msr pae mce cx8 apic sep mtrr pge mca cmov pat pse36 clflush dts acpi mmx fxsr sse sse2 ss ht tm pbe syscall nx pdpe1gb rdtscp lm constant_tsc arch_perfmon pebs bts rep_good nopl xtopology nonstop_tsc aperfmperf eagerfpu pni pclmulqdq dtes64 monitor ds_cpl vmx smx est tm2 ssse3 fma cx16 xtpr pdcm pcid sse4_1 sse4_2 x2apic movbe popcnt tsc_deadline_timer aes xsave avx f16c rdrand lahf_lm abm ida arat epb xsaveopt pln pts dtherm tpr_shadow vnmi flexpriority ept vpid fsgsbase tsc_adjust bmi1 hle avx2 smep bmi2 erms invpcid rtm
bogomips	: 5586.96
clflush size	: 64
cache_alignment	: 64
address sizes	: 39 bits physical, 48 bits virtual
power management:

processor	: 3
vendor_id	: GenuineIntel
cpu family	: 6
model		: 60
model name	: Intel(R) Core(TM) i7-4810MQ CPU @ 2.80GHz
stepping	: 3
microcode	: 0x17
cpu MHz		: 2801.000
cache size	: 6144 KB
physical id	: 0
siblings	: 8
core id		: 3
cpu cores	: 4
apicid		: 6
initial apicid	: 6
fpu		: yes
fpu_exception	: yes
cpuid level	: 13
wp		: yes
flags		: fpu vme de pse tsc msr pae mce cx8 apic sep mtrr pge mca cmov pat pse36 clflush dts acpi mmx fxsr sse sse2 ss ht tm pbe syscall nx pdpe1gb rdtscp lm constant_tsc arch_perfmon pebs bts rep_good nopl xtopology nonstop_tsc aperfmperf eagerfpu pni pclmulqdq dtes64 monitor ds_cpl vmx smx est tm2 ssse3 fma cx16 xtpr pdcm pcid sse4_1 sse4_2 x2apic movbe popcnt tsc_deadline_timer aes xsave avx f16c rdrand lahf_lm abm ida arat epb xsaveopt pln pts dtherm tpr_shadow vnmi flexpriority ept vpid fsgsbase tsc_adjust bmi1 hle avx2 smep bmi2 erms invpcid rtm
bogomips	: 5586.96
clflush size	: 64
cache_alignment	: 64
address sizes	: 39 bits physical, 48 bits virtual
power management:

processor	: 4
vendor_id	: GenuineIntel
cpu family	: 6
model		: 60
model name	: Intel(R) Core(TM) i7-4810MQ CPU @ 2.80GHz
stepping	: 3
microcode	: 0x17
cpu MHz		: 2801.000
cache size	: 6144 KB
physical id	: 0
siblings	: 8
core id		: 0
cpu cores	: 4
apicid		: 1
initial apicid	: 1
fpu		: yes
fpu_exception	: yes
cpuid level	: 13
wp		: yes
flags		: fpu vme de pse tsc msr pae mce cx8 apic sep mtrr pge mca cmov pat pse36 clflush dts acpi mmx fxsr sse sse2 ss ht tm pbe syscall nx pdpe1gb rdtscp lm constant_tsc arch_perfmon pebs bts rep_good nopl xtopology nonstop_tsc aperfmperf eagerfpu pni pclmulqdq dtes64 monitor ds_cpl vmx smx est tm2 ssse3 fma cx16 xtpr pdcm pcid sse4_1 sse4_2 x2apic movbe popcnt tsc_deadline_timer aes xsave avx f16c rdrand lahf_lm abm ida arat epb xsaveopt pln pts dtherm tpr_shadow vnmi flexpriority ept vpid fsgsbase tsc_adjust bmi1 hle avx2 smep bmi2 erms invpcid rtm
bogomips	: 5586.96
clflush size	: 64
cache_alignment	: 64
address sizes	: 39 bits physical, 48 bits virtual
power management:

processor	: 5
vendor_id	: GenuineIntel
cpu family	: 6
model		: 60
model name	: Intel(R) Core(TM) i7-4810MQ CPU @ 2.80GHz
stepping	: 3
microcode	: 0x17
cpu MHz		: 2200.000
cache size	: 6144 KB
physical id	: 0
siblings	: 8
core id		: 1
cpu cores	: 4
apicid		: 3
initial apicid	: 3
fpu		: yes
fpu_exception	: yes
cpuid level	: 13
wp		: yes
flags		: fpu vme de pse tsc msr pae mce cx8 apic sep mtrr pge mca cmov pat pse36 clflush dts acpi mmx fxsr sse sse2 ss ht tm pbe syscall nx pdpe1gb rdtscp lm constant_tsc arch_perfmon pebs bts rep_good nopl xtopology nonstop_tsc aperfmperf eagerfpu pni pclmulqdq dtes64 monitor ds_cpl vmx smx est tm2 ssse3 fma cx16 xtpr pdcm pcid sse4_1 sse4_2 x2apic movbe popcnt tsc_deadline_timer aes xsave avx f16c rdrand lahf_lm abm ida arat epb xsaveopt pln pts dtherm tpr_shadow vnmi flexpriority ept vpid fsgsbase tsc_adjust bmi1 hle avx2 smep bmi2 erms invpcid rtm
bogomips	: 5586.96
clflush size	: 64
cache_alignment	: 64
address sizes	: 39 bits physical, 48 bits virtual
power management:

processor	: 6
vendor_id	: GenuineIntel
cpu family	: 6
model		: 60
model name	: Intel(R) Core(TM) i7-4810MQ CPU @ 2.80GHz
stepping	: 3
microcode	: 0x17
cpu MHz		: 1900.000
cache size	: 6144 KB
physical id	: 0
siblings	: 8
core id		: 2
cpu cores	: 4
apicid		: 5
initial apicid	: 5
fpu		: yes
fpu_exception	: yes
cpuid level	: 13
wp		: yes
flags		: fpu vme de pse tsc msr pae mce cx8 apic sep mtrr pge mca cmov pat pse36 clflush dts acpi mmx fxsr sse sse2 ss ht tm pbe syscall nx pdpe1gb rdtscp lm constant_tsc arch_perfmon pebs bts rep_good nopl xtopology nonstop_tsc aperfmperf eagerfpu pni pclmulqdq dtes64 monitor ds_cpl vmx smx est tm2 ssse3 fma cx16 xtpr pdcm pcid sse4_1 sse4_2 x2apic movbe popcnt tsc_deadline_timer aes xsave avx f16c rdrand lahf_lm abm ida arat epb xsaveopt pln pts dtherm tpr_shadow vnmi flexpriority ept vpid fsgsbase tsc_adjust bmi1 hle avx2 smep bmi2 erms invpcid rtm
bogomips	: 5586.96
clflush size	: 64
cache_alignment	: 64
address sizes	: 39 bits physical, 48 bits virtual
power management:

processor	: 7
vendor_id	: GenuineIntel
cpu family	: 6
model		: 60
model name	: Intel(R) Core(TM) i7-4810MQ CPU @ 2.80GHz
stepping	: 3
microcode	: 0x17
cpu MHz		: 2801.000
cache size	: 6144 KB
physical id	: 0
siblings	: 8
core id		: 3
cpu cores	: 4
apicid		: 7
initial apicid	: 7
fpu		: yes
fpu_exception	: yes
cpuid level	: 13
wp		: yes
flags		: fpu vme de pse tsc msr pae mce cx8 apic sep mtrr pge mca cmov pat pse36 clflush dts acpi mmx fxsr sse sse2 ss ht tm pbe syscall nx pdpe1gb rdtscp lm constant_tsc arch_perfmon pebs bts rep_good nopl xtopology nonstop_tsc aperfmperf eagerfpu pni pclmulqdq dtes64 monitor ds_cpl vmx smx est tm2 ssse3 fma cx16 xtpr pdcm pcid sse4_1 sse4_2 x2apic movbe popcnt tsc_deadline_timer aes xsave avx f16c rdrand lahf_lm abm ida arat epb xsaveopt pln pts dtherm tpr_shadow vnmi flexpriority ept vpid fsgsbase tsc_adjust bmi1 hle avx2 smep bmi2 erms invpcid rtm
bogomips	: 5586.96
clflush size	: 64
cache_alignment	: 64
address sizes	: 39 bits physical, 48 bits virtual
power management:



Memory: 4k page, physical 8130368k(5076532k free), swap 8340476k(8340476k free)

vm_info: Java HotSpot(TM) 64-Bit Server VM (24.65-b04) for linux-amd64 JRE (1.7.0_67-b01), built on Jul 25 2014 09:20:21 by "java_re" with gcc 4.3.0 20080428 (Red Hat 4.3.0-8)

time: Wed Nov 26 19:21:26 2014
elapsed time: 16847 seconds

