#
# A fatal error has been detected by the Java Runtime Environment:
#
#  SIGSEGV (0xb) at pc=0x00007fa0aca286fa, pid=3751, tid=140327500883712
#
# JRE version: Java(TM) SE Runtime Environment (7.0_67-b01) (build 1.7.0_67-b01)
# Java VM: Java HotSpot(TM) 64-Bit Server VM (24.65-b04 mixed mode linux-amd64 compressed oops)
# Problematic frame:
# v  ~BufferBlob::jni_fast_GetLongField
#
# Failed to write core dump. Core dumps have been disabled. To enable core dumping, try "ulimit -c unlimited" before starting Java again
#
# If you would like to submit a bug report, please visit:
#   http://bugreport.sun.com/bugreport/crash.jsp
# The crash happened outside the Java Virtual Machine in native code.
# See problematic frame for where to report the bug.
#

---------------  T H R E A D  ---------------

Current thread (0x00007fa0b0193000):  JavaThread "AWT-XAWT" daemon [_thread_in_native, id=3775, stack(0x00007fa08ac7a000,0x00007fa08ad7b000)]

siginfo:si_signo=SIGSEGV: si_errno=0, si_code=1 (SEGV_MAPERR), si_addr=0x0000000000000000

Registers:
RAX=0x00007fa0b5cf9900, RBX=0x000000077efcf3d0, RCX=0x00007fa0b6751320, RDX=0x0000000000000042
RSP=0x00007fa08ad79538, RBP=0x00007fa08ad79560, RSI=0x0000000000000000, RDI=0x00007fa0b01931e8
R8 =0x00000000000001f4, R9 =0x0000000000000000, R10=0x00000000000000ae, R11=0x00007fa0b5795870
R12=0x00007fa0b01931e8, R13=0x0000000000000000, R14=0x00007fa0a873efe0, R15=0x00007fa0b0193000
RIP=0x00007fa0aca286fa, EFLAGS=0x0000000000010246, CSGSFS=0x0000000000000033, ERR=0x0000000000000004
  TRAPNO=0x000000000000000e

Top of Stack: (sp=0x00007fa08ad79538)
0x00007fa08ad79538:   00007fa0a8509801 000000077efcf3d0
0x00007fa08ad79548:   00007fa0480140c0 000000077efcf3d0
0x00007fa08ad79558:   00007fa08ad79650 0000000000000000
0x00007fa08ad79568:   00007fa08bd2cae8 000000077efcf3d0
0x00007fa08ad79578:   00007fa08ad795a0 0000000000000000
0x00007fa08ad79588:   00007fa08bd249a3 000000077efcf3d0
0x00007fa08ad79598:   00007fa0a84ff68f 00007fa08ad79618
0x00007fa08ad795a8:   00007fa0ac9dfd98 0000000000000000
0x00007fa08ad795b8:   00000007d89b01e8 00000007d8a5d268
0x00007fa08ad795c8:   00007fa08ad795c8 000000077f481f6e
0x00007fa08ad795d8:   00007fa08ad795d8 0000000000000000
0x00007fa08ad795e8:   00007fa08ad79650 000000077efd54a0
0x00007fa08ad795f8:   0000000000000000 000000077efcf3d0
0x00007fa08ad79608:   0000000000000000 00007fa08ad79660
0x00007fa08ad79618:   0000000000000000 00007fa0acad4734
0x00007fa08ad79628:   0000000783e00030 00007fa0ac9dbcc0
0x00007fa08ad79638:   0000000000000000 0000000000000000
0x00007fa08ad79648:   00007fa050000e30 0000000000000000
0x00007fa08ad79658:   00007fa0acad4734 00000007d8a5c580
0x00007fa08ad79668:   0000000700000000 0000000001c00003
0x00007fa08ad79678:   00000007d89aed38 0000000000000000
0x00007fa08ad79688:   00000007fb13200d 0000000000600004
0x00007fa08ad79698:   fb14b8b0fb14b8b0 00000007d89b01e8
0x00007fa08ad796a8:   0000000000000000 0000000000000009
0x00007fa08ad796b8:   0000000000000000 00007fa08ad79720
0x00007fa08ad796c8:   00007fa0ac9d3058 deaddeaf00000000
0x00007fa08ad796d8:   00000007d89aed38 00007fa08ad796e0
0x00007fa08ad796e8:   000000077f0e54fd 00007fa08ad79730
0x00007fa08ad796f8:   000000077f0f1190 0000000000000000
0x00007fa08ad79708:   000000077f0e5508 00007fa08ad796d0
0x00007fa08ad79718:   00007fa08ad79730 00007fa08ad79778
0x00007fa08ad79728:   00007fa0ac9d3706 00000007d89aed38 

Instructions: (pc=0x00007fa0aca286fa)
0x00007fa0aca286da:   00 00 00 00 00 00 44 8b 15 81 4c 30 09 4c 8b ce
0x00007fa0aca286ea:   41 f6 c2 01 0f 85 2e 00 00 00 4d 33 ca 4d 33 ca
0x00007fa0aca286fa:   4d 8b 09 4c 8b da 49 c1 eb 02 4b 8b 04 19 49 bb
0x00007fa0aca2870a:   68 d3 d2 b5 a0 7f 00 00 4c 33 d8 4c 33 d8 45 3b 

Register to memory mapping:

RAX=0x00007fa0b5cf9900: <offset 0xe16900> in /usr/local/java/jdk1.7.0_67/jre/lib/amd64/server/libjvm.so at 0x00007fa0b4ee3000
RBX=0x000000077efcf3d0 is an oop
{method} 
 - klass: {other class}
RCX=0x00007fa0b6751320: <offset 0x219320> in /lib/x86_64-linux-gnu/libpthread.so.0 at 0x00007fa0b6538000
RDX=0x0000000000000042 is an unknown value
RSP=0x00007fa08ad79538 is pointing into the stack for thread: 0x00007fa0b0193000
RBP=0x00007fa08ad79560 is pointing into the stack for thread: 0x00007fa0b0193000
RSI=0x0000000000000000 is an unknown value
RDI=0x00007fa0b01931e8 is an unknown value
R8 =0x00000000000001f4 is an unknown value
R9 =0x0000000000000000 is an unknown value
R10=0x00000000000000ae is an unknown value
R11=0x00007fa0b5795870: <offset 0x8b2870> in /usr/local/java/jdk1.7.0_67/jre/lib/amd64/server/libjvm.so at 0x00007fa0b4ee3000
R12=0x00007fa0b01931e8 is an unknown value
R13=0x0000000000000000 is an unknown value
R14=0x00007fa0a873efe0: <offset 0x253fe0> in /usr/local/java/jdk1.7.0_67/jre/lib/amd64/xawt/libmawt.so at 0x00007fa0a84eb000
R15=0x00007fa0b0193000 is a thread


Stack: [0x00007fa08ac7a000,0x00007fa08ad7b000],  sp=0x00007fa08ad79538,  free space=1021k
Native frames: (J=compiled Java code, j=interpreted, Vv=VM code, C=native code)
v  ~BufferBlob::jni_fast_GetLongField

Java frames: (J=compiled Java code, j=interpreted, Vv=VM code)
j  sun.awt.X11.XlibWrapper.XFilterEvent(JJ)Z+0
J 182% C2 sun.awt.X11.XToolkit.run(Z)V (410 bytes) @ 0x00007fa0acad4734 [0x00007fa0acad3860+0xed4]
j  sun.awt.X11.XToolkit.run()V+5
j  java.lang.Thread.run()V+11
v  ~StubRoutines::call_stub

---------------  P R O C E S S  ---------------

Java Threads: ( => current thread )
  0x00007fa048916800 JavaThread "TimerQueue" daemon [_thread_blocked, id=3779, stack(0x00007fa089341000,0x00007fa089442000)]
  0x00007fa0b000a000 JavaThread "DestroyJavaVM" [_thread_blocked, id=3756, stack(0x00007fa0b685a000,0x00007fa0b695b000)]
  0x00007fa0b0204000 JavaThread "AWT-EventQueue-0" [_thread_blocked, id=3777, stack(0x00007fa08aa78000,0x00007fa08ab79000)]
  0x00007fa0b0202800 JavaThread "AWT-Shutdown" [_thread_blocked, id=3776, stack(0x00007fa08ab79000,0x00007fa08ac7a000)]
=>0x00007fa0b0193000 JavaThread "AWT-XAWT" daemon [_thread_in_native, id=3775, stack(0x00007fa08ac7a000,0x00007fa08ad7b000)]
  0x00007fa0b016f800 JavaThread "Java2D Disposer" daemon [_thread_blocked, id=3774, stack(0x00007fa08b18b000,0x00007fa08b28c000)]
  0x00007fa0b00a0000 JavaThread "Service Thread" daemon [_thread_blocked, id=3771, stack(0x00007fa0a8b2b000,0x00007fa0a8c2c000)]
  0x00007fa0b009d800 JavaThread "C2 CompilerThread1" daemon [_thread_blocked, id=3770, stack(0x00007fa0a8c2c000,0x00007fa0a8d2d000)]
  0x00007fa0b009b000 JavaThread "C2 CompilerThread0" daemon [_thread_blocked, id=3769, stack(0x00007fa0a8d2d000,0x00007fa0a8e2e000)]
  0x00007fa0b0099000 JavaThread "Signal Dispatcher" daemon [_thread_blocked, id=3768, stack(0x00007fa0a8e2e000,0x00007fa0a8f2f000)]
  0x00007fa0b0078800 JavaThread "Finalizer" daemon [_thread_blocked, id=3767, stack(0x00007fa0a9613000,0x00007fa0a9714000)]
  0x00007fa0b0076800 JavaThread "Reference Handler" daemon [_thread_blocked, id=3766, stack(0x00007fa0a9714000,0x00007fa0a9815000)]

Other Threads:
  0x00007fa0b0072800 VMThread [stack: 0x00007fa0a9815000,0x00007fa0a9916000] [id=3765]
  0x00007fa0b00ab000 WatcherThread [stack: 0x00007fa0a8a2a000,0x00007fa0a8b2b000] [id=3772]

VM state:not at safepoint (normal execution)

VM Mutex/Monitor currently owned by a thread: None

Heap
 PSYoungGen      total 37376K, used 9814K [0x00000007d6a00000, 0x00000007d9380000, 0x0000000800000000)
  eden space 32256K, 14% used [0x00000007d6a00000,0x00000007d6e99b40,0x00000007d8980000)
  from space 5120K, 99% used [0x00000007d8980000,0x00000007d8e7bcf8,0x00000007d8e80000)
  to   space 5120K, 0% used [0x00000007d8e80000,0x00000007d8e80000,0x00000007d9380000)
 ParOldGen       total 84480K, used 1412K [0x0000000783e00000, 0x0000000789080000, 0x00000007d6a00000)
  object space 84480K, 1% used [0x0000000783e00000,0x0000000783f61170,0x0000000789080000)
 PSPermGen       total 22528K, used 22146K [0x000000077ec00000, 0x0000000780200000, 0x0000000783e00000)
  object space 22528K, 98% used [0x000000077ec00000,0x00000007801a08a8,0x0000000780200000)

Card table byte_map: [0x00007fa0ac5c2000,0x00007fa0ac9cd000] byte_map_base: 0x00007fa0a89cc000

Polling page: 0x00007fa0b6975000

Code Cache  [0x00007fa0ac9cd000, 0x00007fa0acc3d000, 0x00007fa0af9cd000)
 total_blobs=707 nmethods=175 adapters=485 free_code_cache=48127Kb largest_free_block=49202560

Compilation events (10 events):
Event: 3149,376 Thread 0x00007fa0b009b000  178             sun.awt.X11.XAnyEvent::get_window (20 bytes)
Event: 3149,380 Thread 0x00007fa0b009b000 nmethod 178 0x00007fa0aca75250 code [0x00007fa0aca75400, 0x00007fa0aca75708]
Event: 3190,872 Thread 0x00007fa0b009d800  179   !         sun.awt.X11.XToolkit::getNextTaskTime (55 bytes)
Event: 3190,875 Thread 0x00007fa0b009d800 nmethod 179 0x00007fa0aca74950 code [0x00007fa0aca74ae0, 0x00007fa0aca74e30]
Event: 4270,305 Thread 0x00007fa0b009b000  181 % !         sun.awt.X11.XToolkit::run @ 59 (410 bytes)
Event: 4270,433 Thread 0x00007fa0b009b000 nmethod 181% 0x00007fa0acac4f10 code [0x00007fa0acac5a60, 0x00007fa0acacadb0]
Event: 6409,763 Thread 0x00007fa0b009d800  182 % !         sun.awt.X11.XToolkit::run @ 59 (410 bytes)
Event: 6409,949 Thread 0x00007fa0b009d800 nmethod 182% 0x00007fa0acad2d10 code [0x00007fa0acad3860, 0x00007fa0acad8bd0]
Event: 8591,500 Thread 0x00007fa0b009b000  183             java.util.TreeMap::get (19 bytes)
Event: 8591,504 Thread 0x00007fa0b009b000 nmethod 183 0x00007fa0aca744d0 code [0x00007fa0aca74620, 0x00007fa0aca74798]

GC Heap History (2 events):
Event: 30,777 GC heap before
{Heap before GC invocations=1 (full 0):
 PSYoungGen      total 37376K, used 32256K [0x00000007d6a00000, 0x00000007d9380000, 0x0000000800000000)
  eden space 32256K, 100% used [0x00000007d6a00000,0x00000007d8980000,0x00000007d8980000)
  from space 5120K, 0% used [0x00000007d8e80000,0x00000007d8e80000,0x00000007d9380000)
  to   space 5120K, 0% used [0x00000007d8980000,0x00000007d8980000,0x00000007d8e80000)
 ParOldGen       total 84480K, used 0K [0x0000000783e00000, 0x0000000789080000, 0x00000007d6a00000)
  object space 84480K, 0% used [0x0000000783e00000,0x0000000783e00000,0x0000000789080000)
 PSPermGen       total 22016K, used 21974K [0x000000077ec00000, 0x0000000780180000, 0x0000000783e00000)
  object space 22016K, 99% used [0x000000077ec00000,0x00000007801759e0,0x0000000780180000)
Event: 30,784 GC heap after
Heap after GC invocations=1 (full 0):
 PSYoungGen      total 37376K, used 5103K [0x00000007d6a00000, 0x00000007d9380000, 0x0000000800000000)
  eden space 32256K, 0% used [0x00000007d6a00000,0x00000007d6a00000,0x00000007d8980000)
  from space 5120K, 99% used [0x00000007d8980000,0x00000007d8e7bcf8,0x00000007d8e80000)
  to   space 5120K, 0% used [0x00000007d8e80000,0x00000007d8e80000,0x00000007d9380000)
 ParOldGen       total 84480K, used 1412K [0x0000000783e00000, 0x0000000789080000, 0x00000007d6a00000)
  object space 84480K, 1% used [0x0000000783e00000,0x0000000783f61170,0x0000000789080000)
 PSPermGen       total 22016K, used 21974K [0x000000077ec00000, 0x0000000780180000, 0x0000000783e00000)
  object space 22016K, 99% used [0x000000077ec00000,0x00000007801759e0,0x0000000780180000)
}

Deoptimization events (10 events):
Event: 4,140 Thread 0x00007fa0b0193000 Uncommon trap: reason=class_check action=maybe_recompile pc=0x00007fa0aca58128 method=sun.util.logging.PlatformLogger.finest(Ljava/lang/String;)V @ 8
Event: 4,146 Thread 0x00007fa0b0204000 Uncommon trap: reason=class_check action=maybe_recompile pc=0x00007fa0aca507c4 method=java.util.Properties$LineReader.readLine()I @ 62
Event: 7,573 Thread 0x00007fa0b0204000 Uncommon trap: reason=class_check action=maybe_recompile pc=0x00007fa0aca44318 method=java.lang.String.equals(Ljava/lang/Object;)Z @ 8
Event: 10,358 Thread 0x00007fa0b0204000 Uncommon trap: reason=class_check action=maybe_recompile pc=0x00007fa0aca44318 method=java.lang.String.equals(Ljava/lang/Object;)Z @ 8
Event: 10,358 Thread 0x00007fa0b0204000 Uncommon trap: reason=class_check action=maybe_recompile pc=0x00007fa0aca44318 method=java.lang.String.equals(Ljava/lang/Object;)Z @ 8
Event: 10,359 Thread 0x00007fa0b0204000 Uncommon trap: reason=null_check action=make_not_entrant pc=0x00007fa0aca7b850 method=java.awt.Component.isLightweight()Z @ 4
Event: 11,597 Thread 0x00007fa0b0204000 Uncommon trap: reason=class_check action=maybe_recompile pc=0x00007fa0aca44318 method=java.lang.String.equals(Ljava/lang/Object;)Z @ 8
Event: 12,044 Thread 0x00007fa0b0204000 Uncommon trap: reason=unreached action=reinterpret pc=0x00007fa0aca92364 method=java.awt.EventQueue.removeSourceEvents(Ljava/lang/Object;Z)V @ 51
Event: 29,436 Thread 0x00007fa0b0193000 Uncommon trap: reason=unreached action=reinterpret pc=0x00007fa0acaa17e0 method=sun.awt.X11.XWindow.handleMotionNotify(Lsun/awt/X11/XEvent;)V @ 145
Event: 5901,910 Thread 0x00007fa0b0193000 Uncommon trap: reason=null_check action=make_not_entrant pc=0x00007fa0acaca018 method=sun.awt.X11.XToolkit.dispatchEvent(Lsun/awt/X11/XEvent;)V @ 99

Internal exceptions (10 events):
Event: 5,864 Thread 0x00007fa0b0204000 Threw 0x00000007d83d9948 at /HUDSON/workspace/7u-2-build-linux-amd64/jdk7u67/1368/hotspot/src/share/vm/prims/jvm.cpp:1244
Event: 5,975 Thread 0x00007fa0b0204000 Threw 0x00000007d844d3e8 at /HUDSON/workspace/7u-2-build-linux-amd64/jdk7u67/1368/hotspot/src/share/vm/prims/jni.cpp:743
Event: 7,738 Thread 0x00007fa0b0204000 Threw 0x00000007d84c73d0 at /HUDSON/workspace/7u-2-build-linux-amd64/jdk7u67/1368/hotspot/src/share/vm/prims/jvm.cpp:1244
Event: 7,738 Thread 0x00007fa0b0204000 Threw 0x00000007d84c96f8 at /HUDSON/workspace/7u-2-build-linux-amd64/jdk7u67/1368/hotspot/src/share/vm/prims/jvm.cpp:1244
Event: 7,739 Thread 0x00007fa0b0204000 Threw 0x00000007d84cbda0 at /HUDSON/workspace/7u-2-build-linux-amd64/jdk7u67/1368/hotspot/src/share/vm/prims/jvm.cpp:1244
Event: 7,739 Thread 0x00007fa0b0204000 Threw 0x00000007d84ce080 at /HUDSON/workspace/7u-2-build-linux-amd64/jdk7u67/1368/hotspot/src/share/vm/prims/jvm.cpp:1244
Event: 9,604 Thread 0x00007fa0b0204000 Threw 0x00000007d870df40 at /HUDSON/workspace/7u-2-build-linux-amd64/jdk7u67/1368/hotspot/src/share/vm/prims/jni.cpp:743
Event: 10,359 Thread 0x00007fa0b0204000 Implicit null exception at 0x00007fa0aca7b7f0 to 0x00007fa0aca7b846
Event: 30,790 Thread 0x00007fa0b0078800 Threw 0x00000007d6be4a68 at /HUDSON/workspace/7u-2-build-linux-amd64/jdk7u67/1368/hotspot/src/share/vm/interpreter/linkResolver.cpp:883
Event: 5901,910 Thread 0x00007fa0b0193000 Implicit null exception at 0x00007fa0acac6eaf to 0x00007fa0acaca00d

Events (10 events):
Event: 42,497 loading class 0x00007fa0b00f8430 done
Event: 1649,799 loading class 0x00007fa06c00be90
Event: 1649,799 loading class 0x00007fa06c00be90 done
Event: 1649,799 loading class 0x00007fa06c00be60
Event: 1649,799 loading class 0x00007fa06c00be60 done
Event: 5901,910 Thread 0x00007fa0b0193000 Uncommon trap: trap_request=0xfffffff4 fr.pc=0x00007fa0acaca018
Event: 5901,910 Thread 0x00007fa0b0193000 DEOPT PACKING pc=0x00007fa0acaca018 sp=0x00007fa08ad79660
Event: 5901,910 Thread 0x00007fa0b0193000 DEOPT UNPACKING pc=0x00007fa0aca06445 sp=0x00007fa08ad795a0 mode 2
Event: 16402,398 loading class 0x00007fa06c032d80
Event: 16402,398 loading class 0x00007fa06c032d80 done


Dynamic libraries:
00400000-00401000 r-xp 00000000 08:05 4998369                            /usr/local/java/jdk1.7.0_67/bin/java
00600000-00601000 rw-p 00000000 08:05 4998369                            /usr/local/java/jdk1.7.0_67/bin/java
023bf000-023e0000 rw-p 00000000 00:00 0                                  [heap]
77ec00000-780200000 rw-p 00000000 00:00 0 
780200000-783e00000 rw-p 00000000 00:00 0 
783e00000-789080000 rw-p 00000000 00:00 0 
789080000-7d6a00000 rw-p 00000000 00:00 0 
7d6a00000-7d9380000 rw-p 00000000 00:00 0 
7d9380000-800000000 rw-p 00000000 00:00 0 
7fa048000000-7fa048b33000 rw-p 00000000 00:00 0 
7fa048b33000-7fa04c000000 ---p 00000000 00:00 0 
7fa04c000000-7fa04c021000 rw-p 00000000 00:00 0 
7fa04c021000-7fa050000000 ---p 00000000 00:00 0 
7fa050000000-7fa050031000 rw-p 00000000 00:00 0 
7fa050031000-7fa054000000 ---p 00000000 00:00 0 
7fa054000000-7fa054021000 rw-p 00000000 00:00 0 
7fa054021000-7fa058000000 ---p 00000000 00:00 0 
7fa058000000-7fa058021000 rw-p 00000000 00:00 0 
7fa058021000-7fa05c000000 ---p 00000000 00:00 0 
7fa05c000000-7fa05c021000 rw-p 00000000 00:00 0 
7fa05c021000-7fa060000000 ---p 00000000 00:00 0 
7fa060000000-7fa060ce3000 rw-p 00000000 00:00 0 
7fa060ce3000-7fa064000000 ---p 00000000 00:00 0 
7fa064000000-7fa064021000 rw-p 00000000 00:00 0 
7fa064021000-7fa068000000 ---p 00000000 00:00 0 
7fa068000000-7fa068021000 rw-p 00000000 00:00 0 
7fa068021000-7fa06c000000 ---p 00000000 00:00 0 
7fa06c000000-7fa06cd2b000 rw-p 00000000 00:00 0 
7fa06cd2b000-7fa070000000 ---p 00000000 00:00 0 
7fa070000000-7fa070021000 rw-p 00000000 00:00 0 
7fa070021000-7fa074000000 ---p 00000000 00:00 0 
7fa074000000-7fa074021000 rw-p 00000000 00:00 0 
7fa074021000-7fa078000000 ---p 00000000 00:00 0 
7fa078000000-7fa078089000 rw-p 00000000 00:00 0 
7fa078089000-7fa07c000000 ---p 00000000 00:00 0 
7fa07ff60000-7fa084000000 rw-p 00000000 00:00 0 
7fa084000000-7fa084021000 rw-p 00000000 00:00 0 
7fa084021000-7fa088000000 ---p 00000000 00:00 0 
7fa089204000-7fa089234000 rw-s 00000000 00:04 82575429                   /SYSV00000000 (deleted)
7fa089341000-7fa089344000 ---p 00000000 00:00 0 
7fa089344000-7fa089442000 rw-p 00000000 00:00 0                          [stack:3779]
7fa089442000-7fa08961d000 rw-s 00000000 00:04 82509890                   /SYSV00000000 (deleted)
7fa08961d000-7fa089634000 r-xp 00000000 08:05 264903                     /lib/x86_64-linux-gnu/libresolv-2.19.so
7fa089634000-7fa089834000 ---p 00017000 08:05 264903                     /lib/x86_64-linux-gnu/libresolv-2.19.so
7fa089834000-7fa089835000 r--p 00017000 08:05 264903                     /lib/x86_64-linux-gnu/libresolv-2.19.so
7fa089835000-7fa089836000 rw-p 00018000 08:05 264903                     /lib/x86_64-linux-gnu/libresolv-2.19.so
7fa089836000-7fa089838000 rw-p 00000000 00:00 0 
7fa089838000-7fa08983d000 r-xp 00000000 08:05 264911                     /lib/x86_64-linux-gnu/libnss_dns-2.19.so
7fa08983d000-7fa089a3c000 ---p 00005000 08:05 264911                     /lib/x86_64-linux-gnu/libnss_dns-2.19.so
7fa089a3c000-7fa089a3d000 r--p 00004000 08:05 264911                     /lib/x86_64-linux-gnu/libnss_dns-2.19.so
7fa089a3d000-7fa089a3e000 rw-p 00005000 08:05 264911                     /lib/x86_64-linux-gnu/libnss_dns-2.19.so
7fa089a3e000-7fa089a40000 r-xp 00000000 08:05 266246                     /lib/x86_64-linux-gnu/libnss_mdns4_minimal.so.2
7fa089a40000-7fa089c3f000 ---p 00002000 08:05 266246                     /lib/x86_64-linux-gnu/libnss_mdns4_minimal.so.2
7fa089c3f000-7fa089c40000 r--p 00001000 08:05 266246                     /lib/x86_64-linux-gnu/libnss_mdns4_minimal.so.2
7fa089c40000-7fa089c41000 rw-p 00002000 08:05 266246                     /lib/x86_64-linux-gnu/libnss_mdns4_minimal.so.2
7fa089c41000-7fa089c49000 r-xp 00000000 08:05 5380793                    /usr/local/java/jdk1.7.0_67/jre/lib/amd64/libmanagement.so
7fa089c49000-7fa089e48000 ---p 00008000 08:05 5380793                    /usr/local/java/jdk1.7.0_67/jre/lib/amd64/libmanagement.so
7fa089e48000-7fa089e49000 rw-p 00007000 08:05 5380793                    /usr/local/java/jdk1.7.0_67/jre/lib/amd64/libmanagement.so
7fa089e49000-7fa089f42000 rw-s 00000000 00:04 82411579                   /SYSV00000000 (deleted)
7fa089f42000-7fa089fab000 r-xp 00000000 08:05 5380741                    /usr/local/java/jdk1.7.0_67/jre/lib/amd64/libt2k.so
7fa089fab000-7fa08a1aa000 ---p 00069000 08:05 5380741                    /usr/local/java/jdk1.7.0_67/jre/lib/amd64/libt2k.so
7fa08a1aa000-7fa08a1b1000 rw-p 00068000 08:05 5380741                    /usr/local/java/jdk1.7.0_67/jre/lib/amd64/libt2k.so
7fa08a1b1000-7fa08a1c1000 rw-p 00000000 00:00 0 
7fa08a1c1000-7fa08a1d1000 r-xp 00000000 08:05 5380764                    /usr/local/java/jdk1.7.0_67/jre/lib/amd64/libnio.so
7fa08a1d1000-7fa08a3d1000 ---p 00010000 08:05 5380764                    /usr/local/java/jdk1.7.0_67/jre/lib/amd64/libnio.so
7fa08a3d1000-7fa08a3d2000 rw-p 00010000 08:05 5380764                    /usr/local/java/jdk1.7.0_67/jre/lib/amd64/libnio.so
7fa08a3d2000-7fa08a3e8000 r-xp 00000000 08:05 5380682                    /usr/local/java/jdk1.7.0_67/jre/lib/amd64/libnet.so
7fa08a3e8000-7fa08a5e8000 ---p 00016000 08:05 5380682                    /usr/local/java/jdk1.7.0_67/jre/lib/amd64/libnet.so
7fa08a5e8000-7fa08a5e9000 rw-p 00016000 08:05 5380682                    /usr/local/java/jdk1.7.0_67/jre/lib/amd64/libnet.so
7fa08a5e9000-7fa08a5ff000 r-xp 00000000 08:05 266143                     /lib/x86_64-linux-gnu/libgcc_s.so.1
7fa08a5ff000-7fa08a7fe000 ---p 00016000 08:05 266143                     /lib/x86_64-linux-gnu/libgcc_s.so.1
7fa08a7fe000-7fa08a7ff000 rw-p 00015000 08:05 266143                     /lib/x86_64-linux-gnu/libgcc_s.so.1
7fa08a7ff000-7fa08a864000 r-xp 00000000 08:05 5380687                    /usr/local/java/jdk1.7.0_67/jre/lib/amd64/libfontmanager.so
7fa08a864000-7fa08aa63000 ---p 00065000 08:05 5380687                    /usr/local/java/jdk1.7.0_67/jre/lib/amd64/libfontmanager.so
7fa08aa63000-7fa08aa67000 rw-p 00064000 08:05 5380687                    /usr/local/java/jdk1.7.0_67/jre/lib/amd64/libfontmanager.so
7fa08aa67000-7fa08aa78000 rw-p 00000000 00:00 0 
7fa08aa78000-7fa08aa7b000 ---p 00000000 00:00 0 
7fa08aa7b000-7fa08ab79000 rw-p 00000000 00:00 0                          [stack:3777]
7fa08ab79000-7fa08ab7c000 ---p 00000000 00:00 0 
7fa08ab7c000-7fa08ac7a000 rw-p 00000000 00:00 0                          [stack:3776]
7fa08ac7a000-7fa08ac7d000 ---p 00000000 00:00 0 
7fa08ac7d000-7fa08ad7b000 rw-p 00000000 00:00 0                          [stack:3775]
7fa08ad7b000-7fa08ad80000 r-xp 00000000 08:05 4989090                    /usr/lib/x86_64-linux-gnu/libXfixes.so.3.1.0
7fa08ad80000-7fa08af7f000 ---p 00005000 08:05 4989090                    /usr/lib/x86_64-linux-gnu/libXfixes.so.3.1.0
7fa08af7f000-7fa08af80000 r--p 00004000 08:05 4989090                    /usr/lib/x86_64-linux-gnu/libXfixes.so.3.1.0
7fa08af80000-7fa08af81000 rw-p 00005000 08:05 4989090                    /usr/lib/x86_64-linux-gnu/libXfixes.so.3.1.0
7fa08af81000-7fa08af8a000 r-xp 00000000 08:05 4989082                    /usr/lib/x86_64-linux-gnu/libXcursor.so.1.0.2
7fa08af8a000-7fa08b189000 ---p 00009000 08:05 4989082                    /usr/lib/x86_64-linux-gnu/libXcursor.so.1.0.2
7fa08b189000-7fa08b18a000 r--p 00008000 08:05 4989082                    /usr/lib/x86_64-linux-gnu/libXcursor.so.1.0.2
7fa08b18a000-7fa08b18b000 rw-p 00009000 08:05 4989082                    /usr/lib/x86_64-linux-gnu/libXcursor.so.1.0.2
7fa08b18b000-7fa08b18e000 ---p 00000000 00:00 0 
7fa08b18e000-7fa08b28c000 rw-p 00000000 00:00 0                          [stack:3774]
7fa08b28c000-7fa08b291000 r-xp 00000000 08:05 4989086                    /usr/lib/x86_64-linux-gnu/libXdmcp.so.6.0.0
7fa08b291000-7fa08b490000 ---p 00005000 08:05 4989086                    /usr/lib/x86_64-linux-gnu/libXdmcp.so.6.0.0
7fa08b490000-7fa08b491000 r--p 00004000 08:05 4989086                    /usr/lib/x86_64-linux-gnu/libXdmcp.so.6.0.0
7fa08b491000-7fa08b492000 rw-p 00005000 08:05 4989086                    /usr/lib/x86_64-linux-gnu/libXdmcp.so.6.0.0
7fa08b492000-7fa08b494000 r-xp 00000000 08:05 4989075                    /usr/lib/x86_64-linux-gnu/libXau.so.6.0.0
7fa08b494000-7fa08b694000 ---p 00002000 08:05 4989075                    /usr/lib/x86_64-linux-gnu/libXau.so.6.0.0
7fa08b694000-7fa08b695000 r--p 00002000 08:05 4989075                    /usr/lib/x86_64-linux-gnu/libXau.so.6.0.0
7fa08b695000-7fa08b696000 rw-p 00003000 08:05 4989075                    /usr/lib/x86_64-linux-gnu/libXau.so.6.0.0
7fa08b696000-7fa08b6b3000 r-xp 00000000 08:05 4990143                    /usr/lib/x86_64-linux-gnu/libxcb.so.1.1.0
7fa08b6b3000-7fa08b8b3000 ---p 0001d000 08:05 4990143                    /usr/lib/x86_64-linux-gnu/libxcb.so.1.1.0
7fa08b8b3000-7fa08b8b4000 r--p 0001d000 08:05 4990143                    /usr/lib/x86_64-linux-gnu/libxcb.so.1.1.0
7fa08b8b4000-7fa08b8b5000 rw-p 0001e000 08:05 4990143                    /usr/lib/x86_64-linux-gnu/libxcb.so.1.1.0
7fa08b8b5000-7fa08b8c4000 r-xp 00000000 08:05 4989096                    /usr/lib/x86_64-linux-gnu/libXi.so.6.1.0
7fa08b8c4000-7fa08bac3000 ---p 0000f000 08:05 4989096                    /usr/lib/x86_64-linux-gnu/libXi.so.6.1.0
7fa08bac3000-7fa08bac4000 r--p 0000e000 08:05 4989096                    /usr/lib/x86_64-linux-gnu/libXi.so.6.1.0
7fa08bac4000-7fa08bac5000 rw-p 0000f000 08:05 4989096                    /usr/lib/x86_64-linux-gnu/libXi.so.6.1.0
7fa08bac5000-7fa08baca000 r-xp 00000000 08:05 4989116                    /usr/lib/x86_64-linux-gnu/libXtst.so.6.1.0
7fa08baca000-7fa08bcc9000 ---p 00005000 08:05 4989116                    /usr/lib/x86_64-linux-gnu/libXtst.so.6.1.0
7fa08bcc9000-7fa08bcca000 r--p 00004000 08:05 4989116                    /usr/lib/x86_64-linux-gnu/libXtst.so.6.1.0
7fa08bcca000-7fa08bccb000 rw-p 00005000 08:05 4989116                    /usr/lib/x86_64-linux-gnu/libXtst.so.6.1.0
7fa08bccb000-7fa08bdfb000 r-xp 00000000 08:05 4989071                    /usr/lib/x86_64-linux-gnu/libX11.so.6.3.0
7fa08bdfb000-7fa08bffb000 ---p 00130000 08:05 4989071                    /usr/lib/x86_64-linux-gnu/libX11.so.6.3.0
7fa08bffb000-7fa08bffc000 r--p 00130000 08:05 4989071                    /usr/lib/x86_64-linux-gnu/libX11.so.6.3.0
7fa08bffc000-7fa08c000000 rw-p 00131000 08:05 4989071                    /usr/lib/x86_64-linux-gnu/libX11.so.6.3.0
7fa08c000000-7fa08c021000 rw-p 00000000 00:00 0 
7fa08c021000-7fa090000000 ---p 00000000 00:00 0 
7fa090000000-7fa090021000 rw-p 00000000 00:00 0 
7fa090021000-7fa094000000 ---p 00000000 00:00 0 
7fa094000000-7fa094021000 rw-p 00000000 00:00 0 
7fa094021000-7fa098000000 ---p 00000000 00:00 0 
7fa098000000-7fa098021000 rw-p 00000000 00:00 0 
7fa098021000-7fa09c000000 ---p 00000000 00:00 0 
7fa09c000000-7fa09c021000 rw-p 00000000 00:00 0 
7fa09c021000-7fa0a0000000 ---p 00000000 00:00 0 
7fa0a0000000-7fa0a0021000 rw-p 00000000 00:00 0 
7fa0a0021000-7fa0a4000000 ---p 00000000 00:00 0 
7fa0a4000000-7fa0a4021000 rw-p 00000000 00:00 0 
7fa0a4021000-7fa0a8000000 ---p 00000000 00:00 0 
7fa0a8087000-7fa0a80b8000 rw-p 00000000 00:00 0 
7fa0a80b8000-7fa0a80c1000 r-xp 00000000 08:05 4989110                    /usr/lib/x86_64-linux-gnu/libXrender.so.1.3.0
7fa0a80c1000-7fa0a82c0000 ---p 00009000 08:05 4989110                    /usr/lib/x86_64-linux-gnu/libXrender.so.1.3.0
7fa0a82c0000-7fa0a82c1000 r--p 00008000 08:05 4989110                    /usr/lib/x86_64-linux-gnu/libXrender.so.1.3.0
7fa0a82c1000-7fa0a82c2000 rw-p 00009000 08:05 4989110                    /usr/lib/x86_64-linux-gnu/libXrender.so.1.3.0
7fa0a82c2000-7fa0a82d3000 r-xp 00000000 08:05 4989088                    /usr/lib/x86_64-linux-gnu/libXext.so.6.4.0
7fa0a82d3000-7fa0a84d2000 ---p 00011000 08:05 4989088                    /usr/lib/x86_64-linux-gnu/libXext.so.6.4.0
7fa0a84d2000-7fa0a84d3000 r--p 00010000 08:05 4989088                    /usr/lib/x86_64-linux-gnu/libXext.so.6.4.0
7fa0a84d3000-7fa0a84d4000 rw-p 00011000 08:05 4989088                    /usr/lib/x86_64-linux-gnu/libXext.so.6.4.0
7fa0a84e1000-7fa0a84eb000 r--s 00251000 08:05 5247646                    /usr/local/java/jdk1.7.0_67/jre/lib/resources.jar
7fa0a84eb000-7fa0a853b000 r-xp 00000000 08:05 5380737                    /usr/local/java/jdk1.7.0_67/jre/lib/amd64/xawt/libmawt.so
7fa0a853b000-7fa0a873b000 ---p 00050000 08:05 5380737                    /usr/local/java/jdk1.7.0_67/jre/lib/amd64/xawt/libmawt.so
7fa0a873b000-7fa0a873f000 rw-p 00050000 08:05 5380737                    /usr/local/java/jdk1.7.0_67/jre/lib/amd64/xawt/libmawt.so
7fa0a873f000-7fa0a8740000 rw-p 00000000 00:00 0 
7fa0a8740000-7fa0a87e2000 r-xp 00000000 08:05 5380686                    /usr/local/java/jdk1.7.0_67/jre/lib/amd64/libawt.so
7fa0a87e2000-7fa0a89e2000 ---p 000a2000 08:05 5380686                    /usr/local/java/jdk1.7.0_67/jre/lib/amd64/libawt.so
7fa0a89e2000-7fa0a89ee000 rw-p 000a2000 08:05 5380686                    /usr/local/java/jdk1.7.0_67/jre/lib/amd64/libawt.so
7fa0a89ee000-7fa0a8a12000 rw-p 00000000 00:00 0 
7fa0a8a12000-7fa0a8a2a000 r--s 00432000 08:05 2891049                    /home/ch/Desktop/lab_BD/LabBD/Trabalho05/Conferencias/lib/ojdbc6_g.jar
7fa0a8a2a000-7fa0a8a2b000 ---p 00000000 00:00 0 
7fa0a8a2b000-7fa0a8b2b000 rw-p 00000000 00:00 0                          [stack:3772]
7fa0a8b2b000-7fa0a8b2e000 ---p 00000000 00:00 0 
7fa0a8b2e000-7fa0a8c2c000 rw-p 00000000 00:00 0                          [stack:3771]
7fa0a8c2c000-7fa0a8c2f000 ---p 00000000 00:00 0 
7fa0a8c2f000-7fa0a8d2d000 rw-p 00000000 00:00 0                          [stack:3770]
7fa0a8d2d000-7fa0a8d30000 ---p 00000000 00:00 0 
7fa0a8d30000-7fa0a8e2e000 rw-p 00000000 00:00 0                          [stack:3769]
7fa0a8e2e000-7fa0a8e31000 ---p 00000000 00:00 0 
7fa0a8e31000-7fa0a8f2f000 rw-p 00000000 00:00 0                          [stack:3768]
7fa0a8f2f000-7fa0a9613000 r--p 00000000 08:05 4987991                    /usr/lib/locale/locale-archive
7fa0a9613000-7fa0a9616000 ---p 00000000 00:00 0 
7fa0a9616000-7fa0a9714000 rw-p 00000000 00:00 0                          [stack:3767]
7fa0a9714000-7fa0a9717000 ---p 00000000 00:00 0 
7fa0a9717000-7fa0a9815000 rw-p 00000000 00:00 0                          [stack:3766]
7fa0a9815000-7fa0a9816000 ---p 00000000 00:00 0 
7fa0a9816000-7fa0ab563000 rw-p 00000000 00:00 0                          [stack:3765]
7fa0ab563000-7fa0ab722000 r--s 039e5000 08:05 5247673                    /usr/local/java/jdk1.7.0_67/jre/lib/rt.jar
7fa0ab722000-7fa0abc25000 rw-p 00000000 00:00 0 
7fa0abc25000-7fa0abc26000 ---p 00000000 00:00 0 
7fa0abc26000-7fa0abd26000 rw-p 00000000 00:00 0                          [stack:3764]
7fa0abd26000-7fa0abd27000 ---p 00000000 00:00 0 
7fa0abd27000-7fa0abe27000 rw-p 00000000 00:00 0                          [stack:3763]
7fa0abe27000-7fa0abe28000 ---p 00000000 00:00 0 
7fa0abe28000-7fa0abf28000 rw-p 00000000 00:00 0                          [stack:3762]
7fa0abf28000-7fa0abf29000 ---p 00000000 00:00 0 
7fa0abf29000-7fa0ac029000 rw-p 00000000 00:00 0                          [stack:3761]
7fa0ac029000-7fa0ac02a000 ---p 00000000 00:00 0 
7fa0ac02a000-7fa0ac12a000 rw-p 00000000 00:00 0                          [stack:3760]
7fa0ac12a000-7fa0ac12b000 ---p 00000000 00:00 0 
7fa0ac12b000-7fa0ac22b000 rw-p 00000000 00:00 0                          [stack:3759]
7fa0ac22b000-7fa0ac22c000 ---p 00000000 00:00 0 
7fa0ac22c000-7fa0ac356000 rw-p 00000000 00:00 0                          [stack:3758]
7fa0ac356000-7fa0ac5c2000 rw-p 00000000 00:00 0 
7fa0ac5c2000-7fa0ac5cd000 rw-p 00000000 00:00 0 
7fa0ac5cd000-7fa0ac5eb000 rw-p 00000000 00:00 0 
7fa0ac5eb000-7fa0ac615000 rw-p 00000000 00:00 0 
7fa0ac615000-7fa0ac881000 rw-p 00000000 00:00 0 
7fa0ac881000-7fa0ac896000 rw-p 00000000 00:00 0 
7fa0ac896000-7fa0ac9cc000 rw-p 00000000 00:00 0 
7fa0ac9cc000-7fa0ac9cd000 rw-p 00000000 00:00 0 
7fa0ac9cd000-7fa0acc3d000 rwxp 00000000 00:00 0 
7fa0acc3d000-7fa0af9cd000 rw-p 00000000 00:00 0 
7fa0af9cd000-7fa0af9e7000 r-xp 00000000 08:05 5380794                    /usr/local/java/jdk1.7.0_67/jre/lib/amd64/libzip.so
7fa0af9e7000-7fa0afbe7000 ---p 0001a000 08:05 5380794                    /usr/local/java/jdk1.7.0_67/jre/lib/amd64/libzip.so
7fa0afbe7000-7fa0afbe8000 rw-p 0001a000 08:05 5380794                    /usr/local/java/jdk1.7.0_67/jre/lib/amd64/libzip.so
7fa0afbe8000-7fa0afbf3000 r-xp 00000000 08:05 264920                     /lib/x86_64-linux-gnu/libnss_files-2.19.so
7fa0afbf3000-7fa0afdf2000 ---p 0000b000 08:05 264920                     /lib/x86_64-linux-gnu/libnss_files-2.19.so
7fa0afdf2000-7fa0afdf3000 r--p 0000a000 08:05 264920                     /lib/x86_64-linux-gnu/libnss_files-2.19.so
7fa0afdf3000-7fa0afdf4000 rw-p 0000b000 08:05 264920                     /lib/x86_64-linux-gnu/libnss_files-2.19.so
7fa0afdf4000-7fa0afdff000 r-xp 00000000 08:05 264921                     /lib/x86_64-linux-gnu/libnss_nis-2.19.so
7fa0afdff000-7fa0afffe000 ---p 0000b000 08:05 264921                     /lib/x86_64-linux-gnu/libnss_nis-2.19.so
7fa0afffe000-7fa0affff000 r--p 0000a000 08:05 264921                     /lib/x86_64-linux-gnu/libnss_nis-2.19.so
7fa0affff000-7fa0b0000000 rw-p 0000b000 08:05 264921                     /lib/x86_64-linux-gnu/libnss_nis-2.19.so
7fa0b0000000-7fa0b0272000 rw-p 00000000 00:00 0 
7fa0b0272000-7fa0b4000000 ---p 00000000 00:00 0 
7fa0b4000000-7fa0b4004000 r--s 0008a000 08:05 5247680                    /usr/local/java/jdk1.7.0_67/jre/lib/jsse.jar
7fa0b4004000-7fa0b404e000 rw-p 00000000 00:00 0 
7fa0b404e000-7fa0b404f000 ---p 00000000 00:00 0 
7fa0b404f000-7fa0b415a000 rw-p 00000000 00:00 0                          [stack:3757]
7fa0b415a000-7fa0b4178000 rw-p 00000000 00:00 0 
7fa0b4178000-7fa0b418f000 r-xp 00000000 08:05 264904                     /lib/x86_64-linux-gnu/libnsl-2.19.so
7fa0b418f000-7fa0b438e000 ---p 00017000 08:05 264904                     /lib/x86_64-linux-gnu/libnsl-2.19.so
7fa0b438e000-7fa0b438f000 r--p 00016000 08:05 264904                     /lib/x86_64-linux-gnu/libnsl-2.19.so
7fa0b438f000-7fa0b4390000 rw-p 00017000 08:05 264904                     /lib/x86_64-linux-gnu/libnsl-2.19.so
7fa0b4390000-7fa0b4392000 rw-p 00000000 00:00 0 
7fa0b4392000-7fa0b439b000 r-xp 00000000 08:05 264900                     /lib/x86_64-linux-gnu/libnss_compat-2.19.so
7fa0b439b000-7fa0b459a000 ---p 00009000 08:05 264900                     /lib/x86_64-linux-gnu/libnss_compat-2.19.so
7fa0b459a000-7fa0b459b000 r--p 00008000 08:05 264900                     /lib/x86_64-linux-gnu/libnss_compat-2.19.so
7fa0b459b000-7fa0b459c000 rw-p 00009000 08:05 264900                     /lib/x86_64-linux-gnu/libnss_compat-2.19.so
7fa0b459c000-7fa0b45c5000 r-xp 00000000 08:05 5380761                    /usr/local/java/jdk1.7.0_67/jre/lib/amd64/libjava.so
7fa0b45c5000-7fa0b47c5000 ---p 00029000 08:05 5380761                    /usr/local/java/jdk1.7.0_67/jre/lib/amd64/libjava.so
7fa0b47c5000-7fa0b47c7000 rw-p 00029000 08:05 5380761                    /usr/local/java/jdk1.7.0_67/jre/lib/amd64/libjava.so
7fa0b47c7000-7fa0b47d4000 r-xp 00000000 08:05 5380681                    /usr/local/java/jdk1.7.0_67/jre/lib/amd64/libverify.so
7fa0b47d4000-7fa0b49d3000 ---p 0000d000 08:05 5380681                    /usr/local/java/jdk1.7.0_67/jre/lib/amd64/libverify.so
7fa0b49d3000-7fa0b49d5000 rw-p 0000c000 08:05 5380681                    /usr/local/java/jdk1.7.0_67/jre/lib/amd64/libverify.so
7fa0b49d5000-7fa0b49dc000 r-xp 00000000 08:05 264909                     /lib/x86_64-linux-gnu/librt-2.19.so
7fa0b49dc000-7fa0b4bdb000 ---p 00007000 08:05 264909                     /lib/x86_64-linux-gnu/librt-2.19.so
7fa0b4bdb000-7fa0b4bdc000 r--p 00006000 08:05 264909                     /lib/x86_64-linux-gnu/librt-2.19.so
7fa0b4bdc000-7fa0b4bdd000 rw-p 00007000 08:05 264909                     /lib/x86_64-linux-gnu/librt-2.19.so
7fa0b4bdd000-7fa0b4ce2000 r-xp 00000000 08:05 264916                     /lib/x86_64-linux-gnu/libm-2.19.so
7fa0b4ce2000-7fa0b4ee1000 ---p 00105000 08:05 264916                     /lib/x86_64-linux-gnu/libm-2.19.so
7fa0b4ee1000-7fa0b4ee2000 r--p 00104000 08:05 264916                     /lib/x86_64-linux-gnu/libm-2.19.so
7fa0b4ee2000-7fa0b4ee3000 rw-p 00105000 08:05 264916                     /lib/x86_64-linux-gnu/libm-2.19.so
7fa0b4ee3000-7fa0b5a53000 r-xp 00000000 08:05 5380702                    /usr/local/java/jdk1.7.0_67/jre/lib/amd64/server/libjvm.so
7fa0b5a53000-7fa0b5c52000 ---p 00b70000 08:05 5380702                    /usr/local/java/jdk1.7.0_67/jre/lib/amd64/server/libjvm.so
7fa0b5c52000-7fa0b5d17000 rw-p 00b6f000 08:05 5380702                    /usr/local/java/jdk1.7.0_67/jre/lib/amd64/server/libjvm.so
7fa0b5d17000-7fa0b5d57000 rw-p 00000000 00:00 0 
7fa0b5d57000-7fa0b5f12000 r-xp 00000000 08:05 264913                     /lib/x86_64-linux-gnu/libc-2.19.so
7fa0b5f12000-7fa0b6112000 ---p 001bb000 08:05 264913                     /lib/x86_64-linux-gnu/libc-2.19.so
7fa0b6112000-7fa0b6116000 r--p 001bb000 08:05 264913                     /lib/x86_64-linux-gnu/libc-2.19.so
7fa0b6116000-7fa0b6118000 rw-p 001bf000 08:05 264913                     /lib/x86_64-linux-gnu/libc-2.19.so
7fa0b6118000-7fa0b611d000 rw-p 00000000 00:00 0 
7fa0b611d000-7fa0b6120000 r-xp 00000000 08:05 264925                     /lib/x86_64-linux-gnu/libdl-2.19.so
7fa0b6120000-7fa0b631f000 ---p 00003000 08:05 264925                     /lib/x86_64-linux-gnu/libdl-2.19.so
7fa0b631f000-7fa0b6320000 r--p 00002000 08:05 264925                     /lib/x86_64-linux-gnu/libdl-2.19.so
7fa0b6320000-7fa0b6321000 rw-p 00003000 08:05 264925                     /lib/x86_64-linux-gnu/libdl-2.19.so
7fa0b6321000-7fa0b6337000 r-xp 00000000 08:05 4997867                    /usr/local/java/jdk1.7.0_67/lib/amd64/jli/libjli.so
7fa0b6337000-7fa0b6537000 ---p 00016000 08:05 4997867                    /usr/local/java/jdk1.7.0_67/lib/amd64/jli/libjli.so
7fa0b6537000-7fa0b6538000 rw-p 00016000 08:05 4997867                    /usr/local/java/jdk1.7.0_67/lib/amd64/jli/libjli.so
7fa0b6538000-7fa0b6551000 r-xp 00000000 08:05 264926                     /lib/x86_64-linux-gnu/libpthread-2.19.so
7fa0b6551000-7fa0b6750000 ---p 00019000 08:05 264926                     /lib/x86_64-linux-gnu/libpthread-2.19.so
7fa0b6750000-7fa0b6751000 r--p 00018000 08:05 264926                     /lib/x86_64-linux-gnu/libpthread-2.19.so
7fa0b6751000-7fa0b6752000 rw-p 00019000 08:05 264926                     /lib/x86_64-linux-gnu/libpthread-2.19.so
7fa0b6752000-7fa0b6756000 rw-p 00000000 00:00 0 
7fa0b6756000-7fa0b6779000 r-xp 00000000 08:05 264914                     /lib/x86_64-linux-gnu/ld-2.19.so
7fa0b6779000-7fa0b67a4000 rw-p 00000000 00:00 0 
7fa0b67a4000-7fa0b685a000 rw-p 00000000 00:00 0 
7fa0b685a000-7fa0b685d000 ---p 00000000 00:00 0 
7fa0b685d000-7fa0b695f000 rw-p 00000000 00:00 0                          [stack:3756]
7fa0b6961000-7fa0b6965000 r--s 000f7000 08:05 5247268                    /usr/local/java/jdk1.7.0_67/jre/lib/ext/localedata.jar
7fa0b6965000-7fa0b6968000 rw-s 00000000 00:04 82477121                   /SYSV00000000 (deleted)
7fa0b6968000-7fa0b696b000 rw-s 00000000 00:04 82444348                   /SYSV00000000 (deleted)
7fa0b696b000-7fa0b696c000 r--s 0001c000 08:05 3023256                    /home/ch/Desktop/lab_BD/LabBD/Trabalho05/Conferencias/lib/swing-layout/swing-layout-1.0.4.jar
7fa0b696c000-7fa0b6974000 rw-s 00000000 08:05 3024186                    /tmp/hsperfdata_ch/3751
7fa0b6974000-7fa0b6975000 rw-p 00000000 00:00 0 
7fa0b6975000-7fa0b6976000 r--p 00000000 00:00 0 
7fa0b6976000-7fa0b6978000 rw-p 00000000 00:00 0 
7fa0b6978000-7fa0b6979000 r--p 00022000 08:05 264914                     /lib/x86_64-linux-gnu/ld-2.19.so
7fa0b6979000-7fa0b697a000 rw-p 00023000 08:05 264914                     /lib/x86_64-linux-gnu/ld-2.19.so
7fa0b697a000-7fa0b697b000 rw-p 00000000 00:00 0 
7fff7642f000-7fff76450000 rw-p 00000000 00:00 0                          [stack]
7fff764ce000-7fff764d0000 r-xp 00000000 00:00 0                          [vdso]
ffffffffff600000-ffffffffff601000 r-xp 00000000 00:00 0                  [vsyscall]

VM Arguments:
jvm_args: -Dfile.encoding=UTF-8 
java_command: conferencias.Conferencias
Launcher Type: SUN_STANDARD

Environment Variables:
JAVA_HOME=/usr/local/java/jdk1.7.0_67
JRE_HOME=/usr/local/java/jre1.7.0_67
PATH=/usr/local/sbin:/usr/local/bin:/usr/sbin:/usr/bin:/sbin:/bin:/usr/games:/usr/local/games:/home/ch/bin:/usr/local/java/jdk1.7.0_67/bin:/home/ch/bin:/usr/local/java/jre1.7.0_67/bin
LD_LIBRARY_PATH=/usr/local/java/jdk1.7.0_67/jre/lib/amd64:/usr/local/java/jdk1.7.0_67/jre/lib/i386:
SHELL=/bin/bash
DISPLAY=:0

Signal Handlers:
SIGSEGV: [libjvm.so+0x99f4a0], sa_mask[0]=0x7ffbfeff, sa_flags=0x10000004
SIGBUS: [libjvm.so+0x99f4a0], sa_mask[0]=0x7ffbfeff, sa_flags=0x10000004
SIGFPE: [libjvm.so+0x81a860], sa_mask[0]=0x7ffbfeff, sa_flags=0x10000004
SIGPIPE: [libjvm.so+0x81a860], sa_mask[0]=0x7ffbfeff, sa_flags=0x10000004
SIGXFSZ: [libjvm.so+0x81a860], sa_mask[0]=0x7ffbfeff, sa_flags=0x10000004
SIGILL: [libjvm.so+0x81a860], sa_mask[0]=0x7ffbfeff, sa_flags=0x10000004
SIGUSR1: SIG_DFL, sa_mask[0]=0x00000000, sa_flags=0x00000000
SIGUSR2: [libjvm.so+0x81c060], sa_mask[0]=0x00000004, sa_flags=0x10000004
SIGHUP: [libjvm.so+0x81d160], sa_mask[0]=0x7ffbfeff, sa_flags=0x10000004
SIGINT: SIG_IGN, sa_mask[0]=0x00000000, sa_flags=0x00000000
SIGTERM: [libjvm.so+0x81d160], sa_mask[0]=0x7ffbfeff, sa_flags=0x10000004
SIGQUIT: [libjvm.so+0x81d160], sa_mask[0]=0x7ffbfeff, sa_flags=0x10000004


---------------  S Y S T E M  ---------------

OS:jessie/sid

uname:Linux 3.13.0-40-generic #69-Ubuntu SMP Thu Nov 13 17:53:56 UTC 2014 x86_64
libc:glibc 2.19 NPTL 2.19 
rlimit: STACK 8192k, CORE 0k, NPROC 63349, NOFILE 4096, AS infinity
load average:0,29 0,25 0,31

/proc/meminfo:
MemTotal:        8130368 kB
MemFree:         5075228 kB
Buffers:          119892 kB
Cached:           769728 kB
SwapCached:            0 kB
Active:          2219956 kB
Inactive:         626856 kB
Active(anon):    1965076 kB
Inactive(anon):    69152 kB
Active(file):     254880 kB
Inactive(file):   557704 kB
Unevictable:          64 kB
Mlocked:              64 kB
SwapTotal:       8340476 kB
SwapFree:        8340476 kB
Dirty:               324 kB
Writeback:             0 kB
AnonPages:       1956868 kB
Mapped:           192952 kB
Shmem:             77836 kB
Slab:              92060 kB
SReclaimable:      56316 kB
SUnreclaim:        35744 kB
KernelStack:        5680 kB
PageTables:        23356 kB
NFS_Unstable:          0 kB
Bounce:                0 kB
WritebackTmp:          0 kB
CommitLimit:    12405660 kB
Committed_AS:    4658980 kB
VmallocTotal:   34359738367 kB
VmallocUsed:      210692 kB
VmallocChunk:   34359397304 kB
HardwareCorrupted:     0 kB
AnonHugePages:   1716224 kB
HugePages_Total:       0
HugePages_Free:        0
HugePages_Rsvd:        0
HugePages_Surp:        0
Hugepagesize:       2048 kB
DirectMap4k:      123996 kB
DirectMap2M:     6121472 kB
DirectMap1G:     2097152 kB


CPU:total 8 (4 cores per cpu, 2 threads per core) family 6 model 60 stepping 3, cmov, cx8, fxsr, mmx, sse, sse2, sse3, ssse3, sse4.1, sse4.2, popcnt, avx, avx2, aes, erms, ht, tsc, tscinvbit

/proc/cpuinfo:
processor	: 0
vendor_id	: GenuineIntel
cpu family	: 6
model		: 60
model name	: Intel(R) Core(TM) i7-4810MQ CPU @ 2.80GHz
stepping	: 3
microcode	: 0x17
cpu MHz		: 2500.000
cache size	: 6144 KB
physical id	: 0
siblings	: 8
core id		: 0
cpu cores	: 4
apicid		: 0
initial apicid	: 0
fpu		: yes
fpu_exception	: yes
cpuid level	: 13
wp		: yes
flags		: fpu vme de pse tsc msr pae mce cx8 apic sep mtrr pge mca cmov pat pse36 clflush dts acpi mmx fxsr sse sse2 ss ht tm pbe syscall nx pdpe1gb rdtscp lm constant_tsc arch_perfmon pebs bts rep_good nopl xtopology nonstop_tsc aperfmperf eagerfpu pni pclmulqdq dtes64 monitor ds_cpl vmx smx est tm2 ssse3 fma cx16 xtpr pdcm pcid sse4_1 sse4_2 x2apic movbe popcnt tsc_deadline_timer aes xsave avx f16c rdrand lahf_lm abm ida arat epb xsaveopt pln pts dtherm tpr_shadow vnmi flexpriority ept vpid fsgsbase tsc_adjust bmi1 hle avx2 smep bmi2 erms invpcid rtm
bogomips	: 5586.96
clflush size	: 64
cache_alignment	: 64
address sizes	: 39 bits physical, 48 bits virtual
power management:

processor	: 1
vendor_id	: GenuineIntel
cpu family	: 6
model		: 60
model name	: Intel(R) Core(TM) i7-4810MQ CPU @ 2.80GHz
stepping	: 3
microcode	: 0x17
cpu MHz		: 2801.000
cache size	: 6144 KB
physical id	: 0
siblings	: 8
core id		: 1
cpu cores	: 4
apicid		: 2
initial apicid	: 2
fpu		: yes
fpu_exception	: yes
cpuid level	: 13
wp		: yes
flags		: fpu vme de pse tsc msr pae mce cx8 apic sep mtrr pge mca cmov pat pse36 clflush dts acpi mmx fxsr sse sse2 ss ht tm pbe syscall nx pdpe1gb rdtscp lm constant_tsc arch_perfmon pebs bts rep_good nopl xtopology nonstop_tsc aperfmperf eagerfpu pni pclmulqdq dtes64 monitor ds_cpl vmx smx est tm2 ssse3 fma cx16 xtpr pdcm pcid sse4_1 sse4_2 x2apic movbe popcnt tsc_deadline_timer aes xsave avx f16c rdrand lahf_lm abm ida arat epb xsaveopt pln pts dtherm tpr_shadow vnmi flexpriority ept vpid fsgsbase tsc_adjust bmi1 hle avx2 smep bmi2 erms invpcid rtm
bogomips	: 5586.96
clflush size	: 64
cache_alignment	: 64
address sizes	: 39 bits physical, 48 bits virtual
power management:

processor	: 2
vendor_id	: GenuineIntel
cpu family	: 6
model		: 60
model name	: Intel(R) Core(TM) i7-4810MQ CPU @ 2.80GHz
stepping	: 3
microcode	: 0x17
cpu MHz		: 2700.000
cache size	: 6144 KB
physical id	: 0
siblings	: 8
core id		: 2
cpu cores	: 4
apicid		: 4
initial apicid	: 4
fpu		: yes
fpu_exception	: yes
cpuid level	: 13
wp		: yes
flags		: fpu vme de pse tsc msr pae mce cx8 apic sep mtrr pge mca cmov pat pse36 clflush dts acpi mmx fxsr sse sse2 ss ht tm pbe syscall nx pdpe1gb rdtscp lm constant_tsc arch_perfmon pebs bts rep_good nopl xtopology nonstop_tsc aperfmperf eagerfpu pni pclmulqdq dtes64 monitor ds_cpl vmx smx est tm2 ssse3 fma cx16 xtpr pdcm pcid sse4_1 sse4_2 x2apic movbe popcnt tsc_deadline_timer aes xsave avx f16c rdrand lahf_lm abm ida arat epb xsaveopt pln pts dtherm tpr_shadow vnmi flexpriority ept vpid fsgsbase tsc_adjust bmi1 hle avx2 smep bmi2 erms invpcid rtm
bogomips	: 5586.96
clflush size	: 64
cache_alignment	: 64
address sizes	: 39 bits physical, 48 bits virtual
power management:

processor	: 3
vendor_id	: GenuineIntel
cpu family	: 6
model		: 60
model name	: Intel(R) Core(TM) i7-4810MQ CPU @ 2.80GHz
stepping	: 3
microcode	: 0x17
cpu MHz		: 2801.000
cache size	: 6144 KB
physical id	: 0
siblings	: 8
core id		: 3
cpu cores	: 4
apicid		: 6
initial apicid	: 6
fpu		: yes
fpu_exception	: yes
cpuid level	: 13
wp		: yes
flags		: fpu vme de pse tsc msr pae mce cx8 apic sep mtrr pge mca cmov pat pse36 clflush dts acpi mmx fxsr sse sse2 ss ht tm pbe syscall nx pdpe1gb rdtscp lm constant_tsc arch_perfmon pebs bts rep_good nopl xtopology nonstop_tsc aperfmperf eagerfpu pni pclmulqdq dtes64 monitor ds_cpl vmx smx est tm2 ssse3 fma cx16 xtpr pdcm pcid sse4_1 sse4_2 x2apic movbe popcnt tsc_deadline_timer aes xsave avx f16c rdrand lahf_lm abm ida arat epb xsaveopt pln pts dtherm tpr_shadow vnmi flexpriority ept vpid fsgsbase tsc_adjust bmi1 hle avx2 smep bmi2 erms invpcid rtm
bogomips	: 5586.96
clflush size	: 64
cache_alignment	: 64
address sizes	: 39 bits physical, 48 bits virtual
power management:

processor	: 4
vendor_id	: GenuineIntel
cpu family	: 6
model		: 60
model name	: Intel(R) Core(TM) i7-4810MQ CPU @ 2.80GHz
stepping	: 3
microcode	: 0x17
cpu MHz		: 2801.000
cache size	: 6144 KB
physical id	: 0
siblings	: 8
core id		: 0
cpu cores	: 4
apicid		: 1
initial apicid	: 1
fpu		: yes
fpu_exception	: yes
cpuid level	: 13
wp		: yes
flags		: fpu vme de pse tsc msr pae mce cx8 apic sep mtrr pge mca cmov pat pse36 clflush dts acpi mmx fxsr sse sse2 ss ht tm pbe syscall nx pdpe1gb rdtscp lm constant_tsc arch_perfmon pebs bts rep_good nopl xtopology nonstop_tsc aperfmperf eagerfpu pni pclmulqdq dtes64 monitor ds_cpl vmx smx est tm2 ssse3 fma cx16 xtpr pdcm pcid sse4_1 sse4_2 x2apic movbe popcnt tsc_deadline_timer aes xsave avx f16c rdrand lahf_lm abm ida arat epb xsaveopt pln pts dtherm tpr_shadow vnmi flexpriority ept vpid fsgsbase tsc_adjust bmi1 hle avx2 smep bmi2 erms invpcid rtm
bogomips	: 5586.96
clflush size	: 64
cache_alignment	: 64
address sizes	: 39 bits physical, 48 bits virtual
power management:

processor	: 5
vendor_id	: GenuineIntel
cpu family	: 6
model		: 60
model name	: Intel(R) Core(TM) i7-4810MQ CPU @ 2.80GHz
stepping	: 3
microcode	: 0x17
cpu MHz		: 2200.000
cache size	: 6144 KB
physical id	: 0
siblings	: 8
core id		: 1
cpu cores	: 4
apicid		: 3
initial apicid	: 3
fpu		: yes
fpu_exception	: yes
cpuid level	: 13
wp		: yes
flags		: fpu vme de pse tsc msr pae mce cx8 apic sep mtrr pge mca cmov pat pse36 clflush dts acpi mmx fxsr sse sse2 ss ht tm pbe syscall nx pdpe1gb rdtscp lm constant_tsc arch_perfmon pebs bts rep_good nopl xtopology nonstop_tsc aperfmperf eagerfpu pni pclmulqdq dtes64 monitor ds_cpl vmx smx est tm2 ssse3 fma cx16 xtpr pdcm pcid sse4_1 sse4_2 x2apic movbe popcnt tsc_deadline_timer aes xsave avx f16c rdrand lahf_lm abm ida arat epb xsaveopt pln pts dtherm tpr_shadow vnmi flexpriority ept vpid fsgsbase tsc_adjust bmi1 hle avx2 smep bmi2 erms invpcid rtm
bogomips	: 5586.96
clflush size	: 64
cache_alignment	: 64
address sizes	: 39 bits physical, 48 bits virtual
power management:

processor	: 6
vendor_id	: GenuineIntel
cpu family	: 6
model		: 60
model name	: Intel(R) Core(TM) i7-4810MQ CPU @ 2.80GHz
stepping	: 3
microcode	: 0x17
cpu MHz		: 1900.000
cache size	: 6144 KB
physical id	: 0
siblings	: 8
core id		: 2
cpu cores	: 4
apicid		: 5
initial apicid	: 5
fpu		: yes
fpu_exception	: yes
cpuid level	: 13
wp		: yes
flags		: fpu vme de pse tsc msr pae mce cx8 apic sep mtrr pge mca cmov pat pse36 clflush dts acpi mmx fxsr sse sse2 ss ht tm pbe syscall nx pdpe1gb rdtscp lm constant_tsc arch_perfmon pebs bts rep_good nopl xtopology nonstop_tsc aperfmperf eagerfpu pni pclmulqdq dtes64 monitor ds_cpl vmx smx est tm2 ssse3 fma cx16 xtpr pdcm pcid sse4_1 sse4_2 x2apic movbe popcnt tsc_deadline_timer aes xsave avx f16c rdrand lahf_lm abm ida arat epb xsaveopt pln pts dtherm tpr_shadow vnmi flexpriority ept vpid fsgsbase tsc_adjust bmi1 hle avx2 smep bmi2 erms invpcid rtm
bogomips	: 5586.96
clflush size	: 64
cache_alignment	: 64
address sizes	: 39 bits physical, 48 bits virtual
power management:

processor	: 7
vendor_id	: GenuineIntel
cpu family	: 6
model		: 60
model name	: Intel(R) Core(TM) i7-4810MQ CPU @ 2.80GHz
stepping	: 3
microcode	: 0x17
cpu MHz		: 2801.000
cache size	: 6144 KB
physical id	: 0
siblings	: 8
core id		: 3
cpu cores	: 4
apicid		: 7
initial apicid	: 7
fpu		: yes
fpu_exception	: yes
cpuid level	: 13
wp		: yes
flags		: fpu vme de pse tsc msr pae mce cx8 apic sep mtrr pge mca cmov pat pse36 clflush dts acpi mmx fxsr sse sse2 ss ht tm pbe syscall nx pdpe1gb rdtscp lm constant_tsc arch_perfmon pebs bts rep_good nopl xtopology nonstop_tsc aperfmperf eagerfpu pni pclmulqdq dtes64 monitor ds_cpl vmx smx est tm2 ssse3 fma cx16 xtpr pdcm pcid sse4_1 sse4_2 x2apic movbe popcnt tsc_deadline_timer aes xsave avx f16c rdrand lahf_lm abm ida arat epb xsaveopt pln pts dtherm tpr_shadow vnmi flexpriority ept vpid fsgsbase tsc_adjust bmi1 hle avx2 smep bmi2 erms invpcid rtm
bogomips	: 5586.96
clflush size	: 64
cache_alignment	: 64
address sizes	: 39 bits physical, 48 bits virtual
power management:



Memory: 4k page, physical 8130368k(5121028k free), swap 8340476k(8340476k free)

vm_info: Java HotSpot(TM) 64-Bit Server VM (24.65-b04) for linux-amd64 JRE (1.7.0_67-b01), built on Jul 25 2014 09:20:21 by "java_re" with gcc 4.3.0 20080428 (Red Hat 4.3.0-8)

time: Wed Nov 26 19:21:26 2014
elapsed time: 16402 seconds

